#
# There is insufficient memory for the Java Runtime Environment to continue.
# Native memory allocation (mmap) failed to map 65536 bytes for Failed to commit metaspace.
# Possible reasons:
#   The system is out of physical RAM or swap space
#   The process is running with CompressedOops enabled, and the Java Heap may be blocking the growth of the native heap
# Possible solutions:
#   Reduce memory load on the system
#   Increase physical memory or swap space
#   Check if swap backing store is full
#   Decrease Java heap size (-Xmx/-Xms)
#   Decrease number of Java threads
#   Decrease Java thread stack sizes (-Xss)
#   Set larger code cache with -XX:ReservedCodeCacheSize=
#   JVM is running with Unscaled Compressed Oops mode in which the Java heap is
#     placed in the first 4GB address space. The Java Heap base address is the
#     maximum limit for the native heap growth. Please use -XX:HeapBaseMinAddress
#     to set the Java Heap base and to place the Java Heap above 4GB virtual address.
# This output file may be truncated or incomplete.
#
#  Out of Memory Error (virtualSpaceNode.cpp:112), pid=11072, tid=16820
#
# JRE version: OpenJDK Runtime Environment Temurin-21.0.2+13 (21.0.2+13) (build 21.0.2+13-LTS)
# Java VM: OpenJDK 64-Bit Server VM Temurin-21.0.2+13 (21.0.2+13-LTS, mixed mode, emulated-client, sharing, tiered, compressed oops, compressed class ptrs, g1 gc, windows-amd64)
# No core dump will be written. Minidumps are not enabled by default on client versions of Windows
#

---------------  S U M M A R Y ------------

Command Line: -XX:TieredStopAtLevel=1 com.snehakhanna.financemanager.FinancemanagerApplication

Host: AMD Ryzen 3 2200U with Radeon Vega Mobile Gfx  , 4 cores, 3G,  Windows 10 , 64 bit Build 19041 (10.0.19041.5915)
Time: Mon Aug  4 20:36:50 2025 India Standard Time elapsed time: 9.116918 seconds (0d 0h 0m 9s)

---------------  T H R E A D  ---------------

Current thread (0x000001647f0db110):  JavaThread "HikariPool-1 connection adder" daemon [_thread_in_vm, id=16820, stack(0x000000020b900000,0x000000020ba00000) (1024K)]

Stack: [0x000000020b900000,0x000000020ba00000]
Native frames: (J=compiled Java code, j=interpreted, Vv=VM code, C=native code)
V  [jvm.dll+0x6c94f9]
V  [jvm.dll+0x8a3c21]
V  [jvm.dll+0x8a614e]
V  [jvm.dll+0x8a6823]
V  [jvm.dll+0x27fa86]
V  [jvm.dll+0x89f99e]
V  [jvm.dll+0x66c365]
V  [jvm.dll+0x1e560c]
V  [jvm.dll+0x1e53de]
V  [jvm.dll+0x66ec62]
V  [jvm.dll+0x66ea82]
V  [jvm.dll+0x66cd3e]
V  [jvm.dll+0x27ca56]
V  [jvm.dll+0x71ece5]
V  [jvm.dll+0x71f82f]
V  [jvm.dll+0x3c0acf]
V  [jvm.dll+0x81c50a]
V  [jvm.dll+0x46e9aa]
V  [jvm.dll+0x481d56]
C  [java.dll+0x1657]

Java frames: (J=compiled Java code, j=interpreted, Vv=VM code)
J 1774  java.lang.ClassLoader.defineClass0(Ljava/lang/ClassLoader;Ljava/lang/Class;Ljava/lang/String;[BIILjava/security/ProtectionDomain;ZILjava/lang/Object;)Ljava/lang/Class; java.base@21.0.2 (0 bytes) @ 0x0000016435cb59bc [0x0000016435cb58c0+0x00000000000000fc]
J 1773 c1 java.lang.System$2.defineClass(Ljava/lang/ClassLoader;Ljava/lang/Class;Ljava/lang/String;[BLjava/security/ProtectionDomain;ZILjava/lang/Object;)Ljava/lang/Class; java.base@21.0.2 (21 bytes) @ 0x0000016435cb843c [0x0000016435cb83c0+0x000000000000007c]
J 1772 c1 java.lang.invoke.MethodHandles$Lookup$ClassDefiner.defineClass(ZLjava/lang/Object;)Ljava/lang/Class; java.base@21.0.2 (213 bytes) @ 0x0000016435cb6b8c [0x0000016435cb69a0+0x00000000000001ec]
J 3263 c1 java.lang.invoke.InnerClassLambdaMetafactory.generateInnerClass()Ljava/lang/Class; java.base@21.0.2 (506 bytes) @ 0x0000016435f0e964 [0x0000016435f0dd40+0x0000000000000c24]
J 2293 c1 java.lang.invoke.InnerClassLambdaMetafactory.spinInnerClass()Ljava/lang/Class; java.base@21.0.2 (118 bytes) @ 0x0000016435d87afc [0x0000016435d87a40+0x00000000000000bc]
J 2292 c1 java.lang.invoke.InnerClassLambdaMetafactory.buildCallSite()Ljava/lang/invoke/CallSite; java.base@21.0.2 (150 bytes) @ 0x0000016435d86554 [0x0000016435d86500+0x0000000000000054]
J 1684 c1 java.lang.invoke.LambdaMetafactory.metafactory(Ljava/lang/invoke/MethodHandles$Lookup;Ljava/lang/String;Ljava/lang/invoke/MethodType;Ljava/lang/invoke/MethodType;Ljava/lang/invoke/MethodHandle;Ljava/lang/invoke/MethodType;)Ljava/lang/invoke/CallSite; java.base@21.0.2 (71 bytes) @ 0x0000016435c8cf8c [0x0000016435c8ce20+0x000000000000016c]
J 3113 c1 java.lang.invoke.LambdaForm$DMH+0x000001643e0c8400.invokeStatic(Ljava/lang/Object;Ljava/lang/Object;Ljava/lang/Object;Ljava/lang/Object;Ljava/lang/Object;Ljava/lang/Object;Ljava/lang/Object;)Ljava/lang/Object; java.base@21.0.2 (31 bytes) @ 0x0000016435ed6194 [0x0000016435ed6140+0x0000000000000054]
J 1500 c1 java.lang.invoke.BootstrapMethodInvoker.invoke(Ljava/lang/Class;Ljava/lang/invoke/MethodHandle;Ljava/lang/String;Ljava/lang/Object;Ljava/lang/Object;Ljava/lang/Class;)Ljava/lang/Object; java.base@21.0.2 (974 bytes) @ 0x0000016435c3c614 [0x0000016435c3b0a0+0x0000000000001574]
J 1499 c1 java.lang.invoke.CallSite.makeSite(Ljava/lang/invoke/MethodHandle;Ljava/lang/String;Ljava/lang/invoke/MethodType;Ljava/lang/Object;Ljava/lang/Class;)Ljava/lang/invoke/CallSite; java.base@21.0.2 (91 bytes) @ 0x0000016435c39994 [0x0000016435c39940+0x0000000000000054]
J 1498 c1 java.lang.invoke.MethodHandleNatives.linkCallSiteImpl(Ljava/lang/Class;Ljava/lang/invoke/MethodHandle;Ljava/lang/String;Ljava/lang/invoke/MethodType;Ljava/lang/Object;[Ljava/lang/Object;)Ljava/lang/invoke/MemberName; java.base@21.0.2 (119 bytes) @ 0x0000016435c38fc4 [0x0000016435c38f80+0x0000000000000044]
J 1497 c1 java.lang.invoke.MethodHandleNatives.linkCallSite(Ljava/lang/Object;Ljava/lang/Object;Ljava/lang/Object;Ljava/lang/Object;Ljava/lang/Object;[Ljava/lang/Object;)Ljava/lang/invoke/MemberName; java.base@21.0.2 (65 bytes) @ 0x0000016435c38b8c [0x0000016435c38a60+0x000000000000012c]
v  ~StubRoutines::call_stub 0x00000164358e100d
j  com.mysql.cj.protocol.ExportControlled.<clinit>()V+97
v  ~StubRoutines::call_stub 0x00000164358e100d
j  com.mysql.cj.protocol.NetworkResources.forceClose()V+4
j  com.mysql.cj.protocol.AbstractSocketConnection.forceClose()V+4
j  com.mysql.cj.NativeSession.forceClose()V+16
j  com.mysql.cj.jdbc.ConnectionImpl.connectOneTryOnly(Z)V+193
j  com.mysql.cj.jdbc.ConnectionImpl.createNewIO(Z)V+27
j  com.mysql.cj.jdbc.ConnectionImpl.<init>(Lcom/mysql/cj/conf/HostInfo;)V+753
j  com.mysql.cj.jdbc.ConnectionImpl.getInstance(Lcom/mysql/cj/conf/HostInfo;)Lcom/mysql/cj/jdbc/JdbcConnection;+5
j  com.mysql.cj.jdbc.NonRegisteringDriver.connect(Ljava/lang/String;Ljava/util/Properties;)Ljava/sql/Connection;+72
j  com.zaxxer.hikari.util.DriverDataSource.getConnection(Ljava/lang/String;Ljava/lang/String;)Ljava/sql/Connection;+61
j  com.zaxxer.hikari.pool.PoolBase.newConnection()Ljava/sql/Connection;+49
j  com.zaxxer.hikari.pool.PoolBase.newPoolEntry()Lcom/zaxxer/hikari/pool/PoolEntry;+5
j  com.zaxxer.hikari.pool.HikariPool.createPoolEntry()Lcom/zaxxer/hikari/pool/PoolEntry;+1
j  com.zaxxer.hikari.pool.HikariPool$PoolEntryCreator.call()Ljava/lang/Boolean;+17
j  com.zaxxer.hikari.pool.HikariPool$PoolEntryCreator.call()Ljava/lang/Object;+1
j  java.util.concurrent.FutureTask.run()V+39 java.base@21.0.2
j  java.util.concurrent.ThreadPoolExecutor.runWorker(Ljava/util/concurrent/ThreadPoolExecutor$Worker;)V+92 java.base@21.0.2
j  java.util.concurrent.ThreadPoolExecutor$Worker.run()V+5 java.base@21.0.2
j  java.lang.Thread.runWith(Ljava/lang/Object;Ljava/lang/Runnable;)V+5 java.base@21.0.2
j  java.lang.Thread.run()V+19 java.base@21.0.2
v  ~StubRoutines::call_stub 0x00000164358e100d

Compiled method (n/a)    9216 1774     n 0       java.lang.ClassLoader::defineClass0 (native)
 total in heap  [0x0000016435cb5710,0x0000016435cb5da0] = 1680
 relocation     [0x0000016435cb5870,0x0000016435cb58a8] = 56
 main code      [0x0000016435cb58c0,0x0000016435cb5d9a] = 1242
 stub code      [0x0000016435cb5d9a,0x0000016435cb5da0] = 6

[Constant Pool (empty)]

[MachCode]
[Entry Point]
  # {method} {0x000001643d43b2c8} 'defineClass0' '(Ljava/lang/ClassLoader;Ljava/lang/Class;Ljava/lang/String;[BIILjava/security/ProtectionDomain;ZILjava/lang/Object;)Ljava/lang/Class;' in 'java/lang/ClassLoader'
  # parm0:    rdx:rdx   = 'java/lang/ClassLoader'
  # parm1:    r8:r8     = 'java/lang/Class'
  # parm2:    r9:r9     = 'java/lang/String'
  # parm3:    rdi:rdi   = '[B'
  # parm4:    rsi       = int
  # parm5:    rcx       = int
  # parm6:    [sp+0xb0]   = 'java/security/ProtectionDomain'  (sp of caller)
  # parm7:    [sp+0xb8]   = boolean
  # parm8:    [sp+0xc0]   = int
  # parm9:    [sp+0xc8]   = 'java/lang/Object'
  0x0000016435cb58c0: 448b 5208 | 49bb 0000 | 003d 6401 | 0000 4d03 | d349 3bc2 | 0f84 0600 

  0x0000016435cb58d8: ;   {runtime_call ic_miss_stub}
  0x0000016435cb58d8: 0000 e9a1 | 8ec7 ff90 
[Verified Entry Point]
  0x0000016435cb58e0: 8984 2400 | 80ff ff55 | 488b ec48 | 81ec a000 | 0000 6690 | 4181 7f20 | 0500 0000 

  0x0000016435cb58fc: ;   {runtime_call StubRoutines (final stubs)}
  0x0000016435cb58fc: 7405 e85d | f4c5 ff48 | 837d 2800 | 488d 4528 | 480f 4445 | 2848 8944 | 2458 4863 | 4520 4889 
  0x0000016435cb591c: 4424 5048 | 6345 1848 | 8944 2448 | 4883 7d10 | 0048 8d45 | 1048 0f44 | 4510 4889 | 4424 4048 
  0x0000016435cb593c: 894c 2438 | 4889 7424 | 3048 897c | 2478 4883 | ff00 488d | 4424 7848 | 0f44 4424 | 7848 8944 
  0x0000016435cb595c: 2428 4c89 | 4c24 7049 | 83f9 0048 | 8d44 2470 | 480f 4444 | 2470 4889 | 4424 204c | 8944 2468 
  0x0000016435cb597c: 4983 f800 | 4c8d 4c24 | 684c 0f44 | 4c24 6848 | 8954 2460 | 4883 fa00 | 4c8d 4424 | 604c 0f44 
  0x0000016435cb599c: ;   {oop(a 'java/lang/Class'{0x00000000c99a8dd8} = 'java/lang/ClassLoader')}
  0x0000016435cb599c: 4424 6049 | bed8 8d9a | c900 0000 | 004c 89b4 | 2490 0000 | 004c 8db4 | 2490 0000 | 0049 8bd6 
  0x0000016435cb59bc: ;   {internal_word}
  0x0000016435cb59bc: c5f8 7749 | babc 59cb | 3564 0100 | 004d 8997 | a003 0000 | 4989 a798 

  0x0000016435cb59d4: ;   {external_word}
  0x0000016435cb59d4: 0300 0049 | bade aaad | b8fc 7f00 | 0041 803a | 000f 844e | 0000 0052 | 4150 4151 

  0x0000016435cb59f0: ;   {metadata({method} {0x000001643d43b2c8} 'defineClass0' '(Ljava/lang/ClassLoader;Ljava/lang/Class;Ljava/lang/String;[BIILjava/security/ProtectionDomain;ZILjava/lang/Object;)Ljava/lang/Class;' in 'java/lang/ClassLoader')}
  0x0000016435cb59f0: 48ba c0b2 | 433d 6401 | 0000 498b | cf48 83ec | 2040 f6c4 | 0f0f 8419 | 0000 0048 

  0x0000016435cb5a0c: ;   {runtime_call}
  0x0000016435cb5a0c: 83ec 0848 | b890 f457 | b8fc 7f00 | 00ff d048 | 83c4 08e9 | 0c00 0000 

  0x0000016435cb5a24: ;   {runtime_call}
  0x0000016435cb5a24: 48b8 90f4 | 57b8 fc7f | 0000 ffd0 | 4883 c420 | 4159 4158 | 5a49 8d8f | b803 0000 | 41c7 874c 
  0x0000016435cb5a44: 0400 0004 

  0x0000016435cb5a48: ;   {runtime_call}
  0x0000016435cb5a48: 0000 0048 | b81c 1557 | 2dfd 7f00 | 00ff d0c5 | f877 41c7 | 874c 0400 | 0005 0000 | 00f0 8344 
  0x0000016435cb5a68: 24c0 0049 | 3baf 5004 | 0000 0f87 | 0e00 0000 | 4183 bf48 | 0400 0000 | 0f84 2b00 | 0000 c5f8 
  0x0000016435cb5a88: 7748 8945 | f849 8bcf | 4c8b e448 | 83ec 2048 

  0x0000016435cb5a98: ;   {runtime_call}
  0x0000016435cb5a98: 83e4 f048 | b870 9d23 | b8fc 7f00 | 00ff d049 | 8be4 4d33 | e448 8b45 | f841 c787 | 4c04 0000 
  0x0000016435cb5ab8: 0800 0000 | 4183 bfc8 | 0400 0002 | 0f84 a302 

  0x0000016435cb5ac8: ;   {external_word}
  0x0000016435cb5ac8: 0000 49ba | deaa adb8 | fc7f 0000 | 4180 3a00 | 0f84 4c00 | 0000 4889 

  0x0000016435cb5ae0: ;   {metadata({method} {0x000001643d43b2c8} 'defineClass0' '(Ljava/lang/ClassLoader;Ljava/lang/Class;Ljava/lang/String;[BIILjava/security/ProtectionDomain;ZILjava/lang/Object;)Ljava/lang/Class;' in 'java/lang/ClassLoader')}
  0x0000016435cb5ae0: 45f8 48ba | c0b2 433d | 6401 0000 | 498b cf48 | 83ec 2040 | f6c4 0f0f | 8419 0000 | 0048 83ec 
  0x0000016435cb5b00: ;   {runtime_call}
  0x0000016435cb5b00: 0848 b890 | f457 b8fc | 7f00 00ff | d048 83c4 | 08e9 0c00 

  0x0000016435cb5b14: ;   {runtime_call}
  0x0000016435cb5b14: 0000 48b8 | 90f4 57b8 | fc7f 0000 | ffd0 4883 | c420 488b | 45f8 49c7 | 8798 0300 | 0000 0000 
  0x0000016435cb5b34: 0049 c787 | a003 0000 | 0000 0000 | c5f8 7748 | 85c0 0f84 | fe01 0000 | a803 0f85 | 0800 0000 
  0x0000016435cb5b54: 488b 00e9 | ee01 0000 | a801 0f85 | 0900 0000 | 488b 40fe | e9dd 0100 | 0048 8b40 | ff41 807f 
  0x0000016435cb5b74: 4000 0f84 | ce01 0000 | 4883 f800 | 0f84 c401 | 0000 498b | 4f28 4883 | f900 0f84 | 1400 0000 
  0x0000016435cb5b94: 4883 e908 | 4989 4f28 | 4903 4f38 | 4889 01e9 | a201 0000 | 4881 ecd0 | 0000 0048 | 8904 2448 
  0x0000016435cb5bb4: 894c 2408 | 4889 5424 | 1048 8974 | 2418 4889 | 7c24 204c | 8944 2428 | 4c89 4c24 | 304c 8954 
  0x0000016435cb5bd4: 2438 4c89 | 5c24 40c5 | fb11 4424 | 50c5 fb11 | 4c24 58c5 | fb11 5424 | 60c5 fb11 | 5c24 68c5 
  0x0000016435cb5bf4: fb11 6424 | 70c5 fb11 | 6c24 78c5 | fb11 b424 | 8000 0000 | c5fb 11bc | 2488 0000 | 00c5 7b11 
  0x0000016435cb5c14: ;   {no_reloc}
  0x0000016435cb5c14: 8424 9000 | 0000 c57b | 118c 2498 | 0000 00c5 | 7b11 9424 | a000 0000 | c57b 119c | 24a8 0000 
  0x0000016435cb5c34: 00c5 7b11 | a424 b000 | 0000 c57b | 11ac 24b8 | 0000 00c5 | 7b11 b424 | c000 0000 | c57b 11bc 
  0x0000016435cb5c54: 24c8 0000 | 0049 8bd7 | 488b c848 | 83ec 2040 | f6c4 0f0f | 8419 0000 | 0048 83ec 

  0x0000016435cb5c70: ;   {runtime_call}
  0x0000016435cb5c70: 0848 b830 | 0c17 b8fc | 7f00 00ff | d048 83c4 | 08e9 0c00 

  0x0000016435cb5c84: ;   {runtime_call}
  0x0000016435cb5c84: 0000 48b8 | 300c 17b8 | fc7f 0000 | ffd0 4883 | c420 c57b | 10bc 24c8 | 0000 00c5 | 7b10 b424 
  0x0000016435cb5ca4: c000 0000 | c57b 10ac | 24b8 0000 | 00c5 7b10 | a424 b000 | 0000 c57b | 109c 24a8 | 0000 00c5 
  0x0000016435cb5cc4: 7b10 9424 | a000 0000 | c57b 108c | 2498 0000 | 00c5 7b10 | 8424 9000 | 0000 c5fb | 10bc 2488 
  0x0000016435cb5ce4: 0000 00c5 | fb10 b424 | 8000 0000 | c5fb 106c | 2478 c5fb | 1064 2470 | c5fb 105c | 2468 c5fb 
  0x0000016435cb5d04: 1054 2460 | c5fb 104c | 2458 c5fb | 1044 2450 | 4c8b 5c24 | 404c 8b54 | 2438 4c8b | 4c24 304c 
  0x0000016435cb5d24: 8b44 2428 | 488b 7c24 | 2048 8b74 | 2418 488b | 5424 1048 | 8b4c 2408 | 488b 0424 | 4881 c4d0 
  0x0000016435cb5d44: 0000 00c5 | f877 498b | 8f28 0400 | 00c7 8100 | 0100 0000 | 0000 00c9 | 4983 7f08 | 000f 8501 
  0x0000016435cb5d64: 0000 00c3 

  0x0000016435cb5d68: ;   {runtime_call StubRoutines (initial stubs)}
  0x0000016435cb5d68: e993 b1c2 | ffc5 f877 | 4889 45f8 | 4c8b e448 | 83ec 2048 

  0x0000016435cb5d7c: ;   {runtime_call}
  0x0000016435cb5d7c: 83e4 f048 | b870 2c58 | b8fc 7f00 | 00ff d049 | 8be4 4d33 | e448 8b45 | f8e9 30fd | ffff f4f4 
  0x0000016435cb5d9c: f4f4 f4f4 
[/MachCode]


Compiled method (c1)    9260 1773       1       java.lang.System$2::defineClass (21 bytes)
 total in heap  [0x0000016435cb8210,0x0000016435cb8560] = 848
 relocation     [0x0000016435cb8370,0x0000016435cb83a8] = 56
 main code      [0x0000016435cb83c0,0x0000016435cb84a0] = 224
 stub code      [0x0000016435cb84a0,0x0000016435cb84e0] = 64
 metadata       [0x0000016435cb84e0,0x0000016435cb84e8] = 8
 scopes data    [0x0000016435cb84e8,0x0000016435cb8508] = 32
 scopes pcs     [0x0000016435cb8508,0x0000016435cb8548] = 64
 dependencies   [0x0000016435cb8548,0x0000016435cb8550] = 8
 nul chk table  [0x0000016435cb8550,0x0000016435cb8560] = 16

[Constant Pool (empty)]

[MachCode]
[Entry Point]
  # {method} {0x000001643d019490} 'defineClass' '(Ljava/lang/ClassLoader;Ljava/lang/Class;Ljava/lang/String;[BLjava/security/ProtectionDomain;ZILjava/lang/Object;)Ljava/lang/Class;' in 'java/lang/System$2'
  # this:     rdx:rdx   = 'java/lang/System$2'
  # parm0:    r8:r8     = 'java/lang/ClassLoader'
  # parm1:    r9:r9     = 'java/lang/Class'
  # parm2:    rdi:rdi   = 'java/lang/String'
  # parm3:    rsi:rsi   = '[B'
  # parm4:    rcx:rcx   = 'java/security/ProtectionDomain'
  # parm5:    [sp+0x70]   = boolean  (sp of caller)
  # parm6:    [sp+0x78]   = int
  # parm7:    [sp+0x80]   = 'java/lang/Object'
  0x0000016435cb83c0: 448b 5208 | 49bb 0000 | 003d 6401 | 0000 4d03 | d34c 3bd0 

  0x0000016435cb83d4: ;   {runtime_call ic_miss_stub}
  0x0000016435cb83d4: 0f85 a663 | c7ff 660f | 1f44 0000 
[Verified Entry Point]
  0x0000016435cb83e0: 8984 2400 | 80ff ff55 | 4883 ec60 | 4181 7f20 | 0500 0000 

  0x0000016435cb83f4: ;   {runtime_call StubRoutines (final stubs)}
  0x0000016435cb83f4: 7405 e865 | c9c5 ff48 | 8bd9 4c8b | ac24 8000 | 0000 448b | 5c24 788b | 4424 708b | 4e0c 498b 
  0x0000016435cb8414: d04d 8bc1 | 4c8b cf48 | 8bfe be00 | 0000 0048 | 891c 2489 | 4424 0844 | 895c 2410 | 4c89 6c24 
  0x0000016435cb8434: ;   {static_call}
  0x0000016435cb8434: 1866 90e8 

  0x0000016435cb8438: ; ImmutableOopMap {}
                      ;*invokestatic defineClass0 {reexecute=0 rethrow=0 return_oop=0}
                      ; - java.lang.System$2::defineClass@17 (line 2394)
  0x0000016435cb8438: a4d4 ffff 

  0x0000016435cb843c: ;   {other}
  0x0000016435cb843c: 0f1f 8400 | 2c02 0000 | 4883 c460 

  0x0000016435cb8448: ;   {poll_return}
  0x0000016435cb8448: 5d49 3ba7 | 5004 0000 | 0f87 0600 

  0x0000016435cb8454: ;   {runtime_call throw_null_pointer_exception Runtime1 stub}
  0x0000016435cb8454: 0000 c3e8 

  0x0000016435cb8458: ; ImmutableOopMap {r8=Oop r9=Oop rdi=Oop rsi=Oop rbx=Oop r13=Oop [128]=Oop }
                      ;*arraylength {reexecute=0 rethrow=0 return_oop=0}
                      ; - java.lang.System$2::defineClass@8 (line 2394)
  0x0000016435cb8458: 2494 d2ff 

  0x0000016435cb845c: ;   {internal_word}
  0x0000016435cb845c: 49ba 4984 | cb35 6401 | 0000 4d89 | 9768 0400 

  0x0000016435cb846c: ;   {runtime_call SafepointBlob}
  0x0000016435cb846c: 00e9 8ed2 | c7ff 498b | 8700 0500 | 0049 c787 | 0005 0000 | 0000 0000 | 49c7 8708 | 0500 0000 
  0x0000016435cb848c: 0000 0048 | 83c4 605d 

  0x0000016435cb8494: ;   {runtime_call unwind_exception Runtime1 stub}
  0x0000016435cb8494: e967 7bd2 | fff4 f4f4 | f4f4 f4f4 
[Stub Code]
  0x0000016435cb84a0: ;   {no_reloc}
  0x0000016435cb84a0: 48bb 0000 | 0000 0000 

  0x0000016435cb84a8: ;   {runtime_call}
  0x0000016435cb84a8: 0000 e9fb 

  0x0000016435cb84ac: ;   {runtime_call handle_exception_from_callee Runtime1 stub}
  0x0000016435cb84ac: ffff ffe8 | ccba d2ff 

  0x0000016435cb84b4: ;   {external_word}
  0x0000016435cb84b4: 48b9 60f0 | 83b8 fc7f | 0000 4883 

  0x0000016435cb84c0: ;   {runtime_call}
  0x0000016435cb84c0: e4f0 48b8 | 2003 47b8 | fc7f 0000 

  0x0000016435cb84cc: ;   {section_word}
  0x0000016435cb84cc: ffd0 f449 | bacf 84cb | 3564 0100 

  0x0000016435cb84d8: ;   {runtime_call DeoptimizationBlob}
  0x0000016435cb84d8: 0041 52e9 | c0c4 c7ff 
[/MachCode]


Compiled method (c1)    9274 1772   !   1       java.lang.invoke.MethodHandles$Lookup$ClassDefiner::defineClass (213 bytes)
 total in heap  [0x0000016435cb6790,0x0000016435cb70c0] = 2352
 relocation     [0x0000016435cb68f0,0x0000016435cb6988] = 152
 main code      [0x0000016435cb69a0,0x0000016435cb6d68] = 968
 stub code      [0x0000016435cb6d68,0x0000016435cb6de0] = 120
 metadata       [0x0000016435cb6de0,0x0000016435cb6e28] = 72
 scopes data    [0x0000016435cb6e28,0x0000016435cb6f28] = 256
 scopes pcs     [0x0000016435cb6f28,0x0000016435cb7028] = 256
 dependencies   [0x0000016435cb7028,0x0000016435cb7038] = 16
 handler table  [0x0000016435cb7038,0x0000016435cb7080] = 72
 nul chk table  [0x0000016435cb7080,0x0000016435cb70c0] = 64

[Constant Pool (empty)]

[MachCode]
[Entry Point]
  # {method} {0x000001643d1eeaf8} 'defineClass' '(ZLjava/lang/Object;)Ljava/lang/Class;' in 'java/lang/invoke/MethodHandles$Lookup$ClassDefiner'
  # this:     rdx:rdx   = 'java/lang/invoke/MethodHandles$Lookup$ClassDefiner'
  # parm0:    r8        = boolean
  # parm1:    r9:r9     = 'java/lang/Object'
  #           [sp+0xf0]  (sp of caller)
  0x0000016435cb69a0: 448b 5208 | 49bb 0000 | 003d 6401 | 0000 4d03 | d34c 3bd0 

  0x0000016435cb69b4: ;   {runtime_call ic_miss_stub}
  0x0000016435cb69b4: 0f85 c67d | c7ff 660f | 1f44 0000 
[Verified Entry Point]
  0x0000016435cb69c0: 8984 2400 | 80ff ff55 | 4881 ece0 | 0000 0090 | 4181 7f20 | 0500 0000 

  0x0000016435cb69d8: ;   {runtime_call StubRoutines (final stubs)}
  0x0000016435cb69d8: 7405 e881 | e3c5 ff48 | 8994 2498 | 0000 0044 | 8984 24b0 | 0000 004c | 898c 24b8 | 0000 008b 
  0x0000016435cb69f8: 7210 4889 | b424 9000 | 0000 8b7e | 1048 89bc | 24a8 0000 | 008b 5f34 | 4885 db0f | 850a 0000 
  0x0000016435cb6a18: ;   {oop(nullptr)}
  0x0000016435cb6a18: 0048 bb00 | 0000 0000 | 0000 0048 | 85db 0f84 | ac00 0000 | 8b46 1848 | 85c0 4889 | 9c24 a000 
  0x0000016435cb6a38: 0000 0f85 | aa00 0000 

  0x0000016435cb6a40: ;   {oop(a 'java/lang/Class'{0x00000000c9926bd8} = 'jdk/internal/access/SharedSecrets')}
  0x0000016435cb6a40: 48b8 d86b | 92c9 0000 | 0000 8b40 | 7c8b 4e10 | 4885 c00f | 842a 0000 

  0x0000016435cb6a58: ;   {metadata('java/lang/System$2')}
  0x0000016435cb6a58: 0048 be88 | 8101 3d64 | 0100 0044 | 8b70 0849 | ba00 0000 | 3d64 0100 | 004d 03f2 | 493b 7638 
  0x0000016435cb6a78: 0f85 3d02 | 0000 e900 | 0000 004c | 8bd8 483b | 0048 3b01 

  0x0000016435cb6a8c: ;   {optimized virtual_call}
  0x0000016435cb6a8c: 488b d1e8 

  0x0000016435cb6a90: ; ImmutableOopMap {[144]=Oop [152]=Oop [160]=Oop [168]=Oop [184]=Oop }
                      ;*invokevirtual protectionDomain {reexecute=0 rethrow=0 return_oop=0}
                      ; - java.lang.System$2::protectionDomain@1 (line 2518)
                      ; - java.lang.invoke.MethodHandles$Lookup::lookupClassProtectionDomain@17 (line 2544)
                      ; - java.lang.invoke.MethodHandles$Lookup$ClassDefiner::defineClass@23 (line 2501)
  0x0000016435cb6a90: 2ca9 0500 

  0x0000016435cb6a94: ;   {other}
  0x0000016435cb6a94: 0f1f 8400 | 0403 0000 | 450f be47 | 4045 85c0 | 488b b424 | 9000 0000 | 0f85 1802 | 0000 4c8b 
  0x0000016435cb6ab4: d044 8956 | 18f0 8344 | 24c0 004c | 8bc6 4c33 | c049 c1e8 | 1449 83f8 | 000f 8513 | 0200 00e9 
  0x0000016435cb6ad4: 1200 0000 | 4889 9c24 | a000 0000 

  0x0000016435cb6ae0: ;   {oop(nullptr)}
  0x0000016435cb6ae0: 48b8 0000 | 0000 0000 | 0000 488b | 9c24 a000 | 0000 488b | bc24 a800 | 0000 488b | 9424 9800 
  0x0000016435cb6b00: ;   {oop(a 'java/lang/Class'{0x00000000c9926bd8} = 'jdk/internal/access/SharedSecrets')}
  0x0000016435cb6b00: 0000 49b8 | d86b 92c9 | 0000 0000 | 458b 707c | 8b72 148b | 4a18 448b | 4a0c 4d85 | f60f 842a 
  0x0000016435cb6b20: ;   {metadata('java/lang/System$2')}
  0x0000016435cb6b20: 0000 0049 | bb88 8101 | 3d64 0100 | 0045 8b6e | 0849 ba00 | 0000 3d64 | 0100 004d | 03ea 4d3b 
  0x0000016435cb6b40: 5d38 0f85 | b601 0000 | e900 0000 | 004d 8bc6 

  0x0000016435cb6b50: ; implicit exception: dispatches to 0x0000016435cb6d03
  0x0000016435cb6b50: 493b 064c | 8bc3 498b | d14c 8bcf | 488b fe48 | 8bf1 488b | c88b 8424 | b000 0000 | 8904 2489 
  0x0000016435cb6b70: 5424 0848 | 8b94 24b8 | 0000 0048 | 8954 2410 | 498b d60f 

  0x0000016435cb6b84: ;   {optimized virtual_call}
  0x0000016435cb6b84: 1f40 00e8 

  0x0000016435cb6b88: ; ImmutableOopMap {[152]=Oop [168]=Oop }
                      ;*invokeinterface defineClass {reexecute=0 rethrow=0 return_oop=0}
                      ; - java.lang.invoke.MethodHandles$Lookup$ClassDefiner::defineClass@57 (line 2505)
  0x0000016435cb6b88: 5418 0000 

  0x0000016435cb6b8c: ;   {other}
  0x0000016435cb6b8c: 0f1f 8400 | fc03 0001 | 488b 9424 | 9800 0000 | 8b72 1c44 | 0fbe 460c | 4183 e001 | 4585 c00f 
  0x0000016435cb6bac: 84bb 0000 | 008b 7a14 | 4885 c00f | 8485 0000 | 00e9 3d00 | 0000 488b | 9424 9800 | 0000 498b 
  0x0000016435cb6bcc: 8700 0500 | 004d 33d2 | 4d89 9700 | 0500 004d | 33d2 4d89 | 9708 0500 | 008b 721c 

  0x0000016435cb6be8: ; implicit exception: dispatches to 0x0000016435cb6d0d
  0x0000016435cb6be8: 440f be46 | 0c41 83e0 | 0145 85c0 | 0f84 b200 | 0000 e983 | 0000 008b | 5218 4c8b | c74c 8bc8 
  0x0000016435cb6c08: 488b fa48 | 8bd6 4889 | 8424 c000 

  0x0000016435cb6c14: ;   {optimized virtual_call}
  0x0000016435cb6c14: 0000 90e8 

  0x0000016435cb6c18: ; ImmutableOopMap {[192]=Oop }
                      ;*invokevirtual dumpClass {reexecute=0 rethrow=0 return_oop=0}
                      ; - java.lang.invoke.MethodHandles$Lookup$ClassDefiner::defineClass@134 (line 2513)
  0x0000016435cb6c18: 647e c7ff 

  0x0000016435cb6c1c: ;   {other}
  0x0000016435cb6c1c: 0f1f 8400 | 8c04 0002 | 488b 8424 | c000 0000 | 4881 c4e0 | 0000 005d 

  0x0000016435cb6c34: ;   {poll_return}
  0x0000016435cb6c34: 493b a750 | 0400 000f | 87d1 0000 | 00c3 4889 | 8424 c000 | 0000 448b | 4a18 4c8b | c748 8bd6 
  0x0000016435cb6c54: ;   {optimized virtual_call}
  0x0000016435cb6c54: 6666 90e8 

  0x0000016435cb6c58: ; ImmutableOopMap {[192]=Oop }
                      ;*invokevirtual dumpFailedClass {reexecute=0 rethrow=0 return_oop=0}
                      ; - java.lang.invoke.MethodHandles$Lookup$ClassDefiner::defineClass@150 (line 2515)
  0x0000016435cb6c58: 247e c7ff 

  0x0000016435cb6c5c: ;   {other}
  0x0000016435cb6c5c: 0f1f 8400 | cc04 0003 | 488b 8424 | c000 0000 | 4881 c4e0 | 0000 005d 

  0x0000016435cb6c74: ;   {poll_return}
  0x0000016435cb6c74: 493b a750 | 0400 000f | 87a7 0000 | 00c3 4889 | 8424 c800 | 0000 448b | 4214 448b | 4a18 488b 
  0x0000016435cb6c94: ;   {optimized virtual_call}
  0x0000016435cb6c94: d666 90e8 

  0x0000016435cb6c98: ; ImmutableOopMap {[200]=Oop }
                      ;*invokevirtual dumpFailedClass {reexecute=0 rethrow=0 return_oop=0}
                      ; - java.lang.invoke.MethodHandles$Lookup$ClassDefiner::defineClass@207 (line 2515)
  0x0000016435cb6c98: e47d c7ff 

  0x0000016435cb6c9c: ;   {other}
  0x0000016435cb6c9c: 0f1f 8400 | 0c05 0004 | 488b 8424 | c800 0000 | e9aa 0000 

  0x0000016435cb6cb0: ;   {runtime_call throw_null_pointer_exception Runtime1 stub}
  0x0000016435cb6cb0: 00e8 caab 

  0x0000016435cb6cb4: ; ImmutableOopMap {rdx=Oop r9=Oop rsi=Oop [144]=Oop [152]=Oop [184]=Oop }
                      ;*invokevirtual lookupClass {reexecute=0 rethrow=0 return_oop=0}
                      ; - java.lang.invoke.MethodHandles$Lookup$ClassDefiner::defineClass@4 (line 2499)
                      ;   {runtime_call throw_null_pointer_exception Runtime1 stub}
  0x0000016435cb6cb4: d2ff e8c5 

  0x0000016435cb6cb8: ; ImmutableOopMap {rdx=Oop r9=Oop rsi=Oop rdi=Oop [144]=Oop [152]=Oop [168]=Oop [184]=Oop }
                      ;*invokevirtual getClassLoader {reexecute=0 rethrow=0 return_oop=0}
                      ; - java.lang.invoke.MethodHandles$Lookup$ClassDefiner::defineClass@9 (line 2500)
                      ;   {runtime_call throw_incompatible_class_change_error Runtime1 stub}
  0x0000016435cb6cb8: abd2 ffe8 

  0x0000016435cb6cbc: ; ImmutableOopMap {rax=Oop rcx=Oop [144]=Oop [152]=Oop [160]=Oop [168]=Oop [184]=Oop }
                      ;*invokeinterface protectionDomain {reexecute=0 rethrow=0 return_oop=0}
                      ; - java.lang.invoke.MethodHandles$Lookup::lookupClassProtectionDomain@17 (line 2544)
                      ; - java.lang.invoke.MethodHandles$Lookup$ClassDefiner::defineClass@23 (line 2501)
  0x0000016435cb6cbc: 40e0 d2ff 

  0x0000016435cb6cc0: ;   {runtime_call throw_null_pointer_exception Runtime1 stub}
  0x0000016435cb6cc0: e8bb abd2 

  0x0000016435cb6cc4: ; ImmutableOopMap {rcx=Oop [144]=Oop [152]=Oop [160]=Oop [168]=Oop [184]=Oop }
                      ;*invokeinterface protectionDomain {reexecute=0 rethrow=0 return_oop=0}
                      ; - java.lang.invoke.MethodHandles$Lookup::lookupClassProtectionDomain@17 (line 2544)
                      ; - java.lang.invoke.MethodHandles$Lookup$ClassDefiner::defineClass@23 (line 2501)
                      ;   {runtime_call throw_null_pointer_exception Runtime1 stub}
  0x0000016435cb6cc4: ffe8 b6ab 

  0x0000016435cb6cc8: ; ImmutableOopMap {rcx=Oop [144]=Oop [152]=Oop [160]=Oop [168]=Oop [184]=Oop }
                      ;*invokevirtual protectionDomain {reexecute=0 rethrow=0 return_oop=0}
                      ; - java.lang.System$2::protectionDomain@1 (line 2518)
                      ; - java.lang.invoke.MethodHandles$Lookup::lookupClassProtectionDomain@17 (line 2544)
                      ; - java.lang.invoke.MethodHandles$Lookup$ClassDefiner::defineClass@23 (line 2501)
  0x0000016435cb6cc8: d2ff 448b | 4618 4983 | f800 0f84 | dafd ffff | 4c89 0424 

  0x0000016435cb6cdc: ;   {runtime_call g1_pre_barrier_slow}
  0x0000016435cb6cdc: e89f 27d3 | ffe9 ccfd | ffff 4883 | f800 0f84 | e3fd ffff | 4889 3424 

  0x0000016435cb6cf4: ;   {runtime_call g1_post_barrier_slow}
  0x0000016435cb6cf4: e887 2ad3 | ffe9 d5fd 

  0x0000016435cb6cfc: ;   {runtime_call throw_incompatible_class_change_error Runtime1 stub}
  0x0000016435cb6cfc: ffff e8fd 

  0x0000016435cb6d00: ; ImmutableOopMap {rax=Oop rdi=Oop rbx=Oop r14=Oop rsi=Oop rcx=Oop [152]=Oop [168]=Oop [184]=Oop }
                      ;*invokeinterface defineClass {reexecute=0 rethrow=0 return_oop=0}
                      ; - java.lang.invoke.MethodHandles$Lookup$ClassDefiner::defineClass@57 (line 2505)
                      ;   {runtime_call throw_null_pointer_exception Runtime1 stub}
  0x0000016435cb6d00: dfd2 ffe8 

  0x0000016435cb6d04: ; ImmutableOopMap {rax=Oop rdi=Oop rbx=Oop r14=Oop rsi=Oop rcx=Oop [152]=Oop [168]=Oop [184]=Oop }
                      ;*invokeinterface defineClass {reexecute=0 rethrow=0 return_oop=0}
                      ; - java.lang.invoke.MethodHandles$Lookup$ClassDefiner::defineClass@57 (line 2505)
  0x0000016435cb6d04: 78ab d2ff 

  0x0000016435cb6d08: ;   {runtime_call throw_null_pointer_exception Runtime1 stub}
  0x0000016435cb6d08: e873 abd2 

  0x0000016435cb6d0c: ; ImmutableOopMap {rax=Oop rdx=Oop rsi=Oop [152]=Oop }
                      ;*invokevirtual isEnabled {reexecute=0 rethrow=0 return_oop=0}
                      ; - java.lang.invoke.MethodHandles$Lookup$ClassDefiner::defineClass@105 (line 2510)
                      ;   {runtime_call throw_null_pointer_exception Runtime1 stub}
  0x0000016435cb6d0c: ffe8 6eab 

  0x0000016435cb6d10: ; ImmutableOopMap {rdx=Oop rax=Oop rsi=Oop [152]=Oop }
                      ;*invokevirtual isEnabled {reexecute=0 rethrow=0 return_oop=0}
                      ; - java.lang.invoke.MethodHandles$Lookup$ClassDefiner::defineClass@162 (line 2510)
                      ;   {internal_word}
  0x0000016435cb6d10: d2ff 49ba | 346c cb35 | 6401 0000 | 4d89 9768 

  0x0000016435cb6d20: ;   {runtime_call SafepointBlob}
  0x0000016435cb6d20: 0400 00e9 | d8e9 c7ff 

  0x0000016435cb6d28: ;   {internal_word}
  0x0000016435cb6d28: 49ba 746c | cb35 6401 | 0000 4d89 | 9768 0400 

  0x0000016435cb6d38: ;   {runtime_call SafepointBlob}
  0x0000016435cb6d38: 00e9 c2e9 | c7ff 498b | 8700 0500 | 0049 c787 | 0005 0000 | 0000 0000 | 49c7 8708 | 0500 0000 
  0x0000016435cb6d58: 0000 0048 | 81c4 e000 

  0x0000016435cb6d60: ;   {runtime_call unwind_exception Runtime1 stub}
  0x0000016435cb6d60: 0000 5de9 | 9892 d2ff 
[Stub Code]
  0x0000016435cb6d68: ;   {no_reloc}
  0x0000016435cb6d68: 0f1f 4400 

  0x0000016435cb6d6c: ;   {static_stub}
  0x0000016435cb6d6c: 0048 bb00 | 0000 0000 

  0x0000016435cb6d74: ;   {runtime_call}
  0x0000016435cb6d74: 0000 00e9 | fbff ffff 

  0x0000016435cb6d7c: ;   {static_stub}
  0x0000016435cb6d7c: 48bb d8e4 | 463d 6401 

  0x0000016435cb6d84: ;   {runtime_call I2C/C2I adapters}
  0x0000016435cb6d84: 0000 e9d8 

  0x0000016435cb6d88: ;   {static_stub}
  0x0000016435cb6d88: c6c7 ff48 | bb00 0000 | 0000 0000 

  0x0000016435cb6d94: ;   {runtime_call}
  0x0000016435cb6d94: 00e9 fbff 

  0x0000016435cb6d98: ;   {static_stub}
  0x0000016435cb6d98: ffff 48bb | 0000 0000 | 0000 0000 

  0x0000016435cb6da4: ;   {runtime_call}
  0x0000016435cb6da4: e9fb ffff 

  0x0000016435cb6da8: ;   {runtime_call handle_exception_from_callee Runtime1 stub}
  0x0000016435cb6da8: ffe8 d2d1 

  0x0000016435cb6dac: ;   {external_word}
  0x0000016435cb6dac: d2ff 48b9 | 60f0 83b8 | fc7f 0000 | 4883 e4f0 

  0x0000016435cb6dbc: ;   {runtime_call}
  0x0000016435cb6dbc: 48b8 2003 | 47b8 fc7f | 0000 ffd0 

  0x0000016435cb6dc8: ;   {section_word}
  0x0000016435cb6dc8: f449 bac9 | 6dcb 3564 | 0100 0041 

  0x0000016435cb6dd4: ;   {runtime_call DeoptimizationBlob}
  0x0000016435cb6dd4: 52e9 c6db | c7ff f4f4 | f4f4 f4f4 
[/MachCode]


---------------  P R O C E S S  ---------------

Threads class SMR info:
_java_thread_list=0x000001647e88cca0, length=16, elements={
0x000001642b862aa0, 0x000001643c46f610, 0x000001643c471540, 0x000001643c473f00,
0x000001643c477ee0, 0x000001643c478940, 0x000001643c47c8a0, 0x000001643c487320,
0x000001643c6c19a0, 0x000001643c6c61f0, 0x000001647e1859b0, 0x000001647e186020,
0x000001643c4ee040, 0x000001647e186690, 0x000001647f0daaa0, 0x000001647f0db110
}

Java Threads: ( => current thread )
  0x000001642b862aa0 JavaThread "main"                              [_thread_in_vm, id=25752, stack(0x0000000209f00000,0x000000020a000000) (1024K)]
  0x000001643c46f610 JavaThread "Reference Handler"          daemon [_thread_blocked, id=2580, stack(0x000000020a700000,0x000000020a800000) (1024K)]
  0x000001643c471540 JavaThread "Finalizer"                  daemon [_thread_blocked, id=25580, stack(0x000000020a800000,0x000000020a900000) (1024K)]
  0x000001643c473f00 JavaThread "Signal Dispatcher"          daemon [_thread_blocked, id=22868, stack(0x000000020a900000,0x000000020aa00000) (1024K)]
  0x000001643c477ee0 JavaThread "Attach Listener"            daemon [_thread_blocked, id=32600, stack(0x000000020aa00000,0x000000020ab00000) (1024K)]
  0x000001643c478940 JavaThread "Service Thread"             daemon [_thread_blocked, id=5040, stack(0x000000020ab00000,0x000000020ac00000) (1024K)]
  0x000001643c47c8a0 JavaThread "Monitor Deflation Thread"   daemon [_thread_blocked, id=26656, stack(0x000000020ac00000,0x000000020ad00000) (1024K)]
  0x000001643c487320 JavaThread "C1 CompilerThread0"         daemon [_thread_blocked, id=20996, stack(0x000000020ad00000,0x000000020ae00000) (1024K)]
  0x000001643c6c19a0 JavaThread "Notification Thread"        daemon [_thread_blocked, id=3724, stack(0x000000020ae00000,0x000000020af00000) (1024K)]
  0x000001643c6c61f0 JavaThread "Common-Cleaner"             daemon [_thread_blocked, id=15100, stack(0x000000020af00000,0x000000020b000000) (1024K)]
  0x000001647e1859b0 JavaThread "Catalina-utility-1"                [_thread_blocked, id=28572, stack(0x000000020b300000,0x000000020b400000) (1024K)]
  0x000001647e186020 JavaThread "Catalina-utility-2"                [_thread_blocked, id=31672, stack(0x000000020b400000,0x000000020b500000) (1024K)]
  0x000001643c4ee040 JavaThread "container-0"                       [_thread_blocked, id=1856, stack(0x000000020b500000,0x000000020b600000) (1024K)]
  0x000001647e186690 JavaThread "mysql-cj-abandoned-connection-cleanup" daemon [_thread_blocked, id=13564, stack(0x000000020b600000,0x000000020b700000) (1024K)]
  0x000001647f0daaa0 JavaThread "HikariPool-1 housekeeper"   daemon [_thread_blocked, id=31104, stack(0x000000020b800000,0x000000020b900000) (1024K)]
=>0x000001647f0db110 JavaThread "HikariPool-1 connection adder" daemon [_thread_in_vm, id=16820, stack(0x000000020b900000,0x000000020ba00000) (1024K)]
Total: 16

Other Threads:
  0x000001643c454a20 VMThread "VM Thread"                           [id=19768, stack(0x000000020a600000,0x000000020a700000) (1024K)]
  0x000001643c439d00 WatcherThread "VM Periodic Task Thread"        [id=27604, stack(0x000000020a500000,0x000000020a600000) (1024K)]
  0x000001642ba69fe0 WorkerThread "GC Thread#0"                     [id=27032, stack(0x000000020a000000,0x000000020a100000) (1024K)]
  0x000001647e37ff50 WorkerThread "GC Thread#1"                     [id=20732, stack(0x000000020b000000,0x000000020b100000) (1024K)]
  0x000001647e339950 WorkerThread "GC Thread#2"                     [id=28132, stack(0x000000020b100000,0x000000020b200000) (1024K)]
  0x000001647e39cfa0 WorkerThread "GC Thread#3"                     [id=11412, stack(0x000000020b200000,0x000000020b300000) (1024K)]
  0x000001642ba71dc0 ConcurrentGCThread "G1 Main Marker"            [id=19388, stack(0x000000020a100000,0x000000020a200000) (1024K)]
  0x000001642ba73780 WorkerThread "G1 Conc#0"                       [id=20040, stack(0x000000020a200000,0x000000020a300000) (1024K)]
  0x000001642baf9880 ConcurrentGCThread "G1 Refine#0"               [id=27760, stack(0x000000020a300000,0x000000020a400000) (1024K)]
  0x000001642bafa300 ConcurrentGCThread "G1 Service"                [id=32196, stack(0x000000020a400000,0x000000020a500000) (1024K)]
Total: 10

Threads with active compile tasks:
Total: 0

VM state: not at safepoint (normal execution)

VM Mutex/Monitor currently owned by a thread:  ([mutex/lock_event])
[0x00007ffcb8af1118] Metaspace_lock - owner thread: 0x000001647f0db110

OutOfMemory and StackOverflow Exception counts:
OutOfMemoryError java_heap_errors=1
LinkageErrors=106

Heap address: 0x00000000c9600000, size: 874 MB, Compressed Oops mode: 32-bit

CDS archive(s) mapped at: [0x000001643d000000-0x000001643dc90000-0x000001643dc90000), size 13172736, SharedBaseAddress: 0x000001643d000000, ArchiveRelocationMode: 1.
Compressed class space mapped at: 0x000001643e000000-0x000001647e000000, reserved size: 1073741824
Narrow klass base: 0x000001643d000000, Narrow klass shift: 0, Narrow klass range: 0x100000000

GC Precious Log:
 CardTable entry size: 512
 Card Set container configuration: InlinePtr #cards 5 size 8 Array Of Cards #cards 12 size 40 Howl #buckets 4 coarsen threshold 1843 Howl Bitmap #cards 512 size 80 coarsen threshold 460 Card regions per heap region 1 cards per card region 2048
 CPUs: 4 total, 4 available
 Memory: 3491M
 Large Page Support: Disabled
 NUMA Support: Disabled
 Compressed Oops: Enabled (32-bit)
 Heap Region Size: 1M
 Heap Min Capacity: 8M
 Heap Initial Capacity: 56M
 Heap Max Capacity: 874M
 Pre-touch: Disabled
 Parallel Workers: 4
 Concurrent Workers: 1
 Concurrent Refinement Workers: 4
 Periodic GC: Disabled

Heap:
 garbage-first heap   total 66560K, used 28175K [0x00000000c9600000, 0x0000000100000000)
  region size 1024K, 12 young (12288K), 3 survivors (3072K)
 Metaspace       used 37371K, committed 37888K, reserved 1114112K
  class space    used 5192K, committed 5440K, reserved 1048576K

Heap Regions: E=young(eden), S=young(survivor), O=old, HS=humongous(starts), HC=humongous(continues), CS=collection set, F=free, TAMS=top-at-mark-start, PB=parsable bottom
|   0|0x00000000c9600000, 0x00000000c9700000, 0x00000000c9700000|100%|HS|  |TAMS 0x00000000c9600000| PB 0x00000000c9600000| Complete 
|   1|0x00000000c9700000, 0x00000000c9800000, 0x00000000c9800000|100%| O|  |TAMS 0x00000000c9700000| PB 0x00000000c9700000| Untracked 
|   2|0x00000000c9800000, 0x00000000c9900000, 0x00000000c9900000|100%| O|  |TAMS 0x00000000c9800000| PB 0x00000000c9800000| Untracked 
|   3|0x00000000c9900000, 0x00000000c9a00000, 0x00000000c9a00000|100%| O|  |TAMS 0x00000000c9900000| PB 0x00000000c9900000| Untracked 
|   4|0x00000000c9a00000, 0x00000000c9b00000, 0x00000000c9b00000|100%| O|  |TAMS 0x00000000c9a00000| PB 0x00000000c9a00000| Untracked 
|   5|0x00000000c9b00000, 0x00000000c9b00000, 0x00000000c9c00000|  0%| F|  |TAMS 0x00000000c9b00000| PB 0x00000000c9b00000| Untracked 
|   6|0x00000000c9c00000, 0x00000000c9d00000, 0x00000000c9d00000|100%| O|  |TAMS 0x00000000c9c00000| PB 0x00000000c9c00000| Untracked 
|   7|0x00000000c9d00000, 0x00000000c9e00000, 0x00000000c9e00000|100%| O|  |TAMS 0x00000000c9d00000| PB 0x00000000c9d00000| Untracked 
|   8|0x00000000c9e00000, 0x00000000c9f00000, 0x00000000c9f00000|100%| O|  |TAMS 0x00000000c9e00000| PB 0x00000000c9e00000| Untracked 
|   9|0x00000000c9f00000, 0x00000000ca000000, 0x00000000ca000000|100%| O|  |TAMS 0x00000000c9f00000| PB 0x00000000c9f00000| Untracked 
|  10|0x00000000ca000000, 0x00000000ca100000, 0x00000000ca100000|100%| O|  |TAMS 0x00000000ca000000| PB 0x00000000ca000000| Untracked 
|  11|0x00000000ca100000, 0x00000000ca200000, 0x00000000ca200000|100%| O|Cm|TAMS 0x00000000ca100000| PB 0x00000000ca100000| Complete 
|  12|0x00000000ca200000, 0x00000000ca300000, 0x00000000ca300000|100%| O|  |TAMS 0x00000000ca200000| PB 0x00000000ca200000| Untracked 
|  13|0x00000000ca300000, 0x00000000ca400000, 0x00000000ca400000|100%| O|  |TAMS 0x00000000ca300000| PB 0x00000000ca300000| Untracked 
|  14|0x00000000ca400000, 0x00000000ca500000, 0x00000000ca500000|100%| O|  |TAMS 0x00000000ca400000| PB 0x00000000ca400000| Untracked 
|  15|0x00000000ca500000, 0x00000000ca600000, 0x00000000ca600000|100%| O|  |TAMS 0x00000000ca500000| PB 0x00000000ca500000| Untracked 
|  16|0x00000000ca600000, 0x00000000ca700000, 0x00000000ca700000|100%| O|  |TAMS 0x00000000ca600000| PB 0x00000000ca600000| Untracked 
|  17|0x00000000ca700000, 0x00000000ca800000, 0x00000000ca800000|100%| O|  |TAMS 0x00000000ca700000| PB 0x00000000ca700000| Untracked 
|  18|0x00000000ca800000, 0x00000000ca81f638, 0x00000000ca900000| 12%| O|  |TAMS 0x00000000ca800000| PB 0x00000000ca800000| Untracked 
|  19|0x00000000ca900000, 0x00000000ca900000, 0x00000000caa00000|  0%| F|  |TAMS 0x00000000ca900000| PB 0x00000000ca900000| Untracked 
|  20|0x00000000caa00000, 0x00000000caa00000, 0x00000000cab00000|  0%| F|  |TAMS 0x00000000caa00000| PB 0x00000000caa00000| Untracked 
|  21|0x00000000cab00000, 0x00000000cab00000, 0x00000000cac00000|  0%| F|  |TAMS 0x00000000cab00000| PB 0x00000000cab00000| Untracked 
|  22|0x00000000cac00000, 0x00000000cac00000, 0x00000000cad00000|  0%| F|  |TAMS 0x00000000cac00000| PB 0x00000000cac00000| Untracked 
|  23|0x00000000cad00000, 0x00000000cad00000, 0x00000000cae00000|  0%| F|  |TAMS 0x00000000cad00000| PB 0x00000000cad00000| Untracked 
|  24|0x00000000cae00000, 0x00000000cae00000, 0x00000000caf00000|  0%| F|  |TAMS 0x00000000cae00000| PB 0x00000000cae00000| Untracked 
|  25|0x00000000caf00000, 0x00000000caf00000, 0x00000000cb000000|  0%| F|  |TAMS 0x00000000caf00000| PB 0x00000000caf00000| Untracked 
|  26|0x00000000cb000000, 0x00000000cb000000, 0x00000000cb100000|  0%| F|  |TAMS 0x00000000cb000000| PB 0x00000000cb000000| Untracked 
|  27|0x00000000cb100000, 0x00000000cb100000, 0x00000000cb200000|  0%| F|  |TAMS 0x00000000cb100000| PB 0x00000000cb100000| Untracked 
|  28|0x00000000cb200000, 0x00000000cb200000, 0x00000000cb300000|  0%| F|  |TAMS 0x00000000cb200000| PB 0x00000000cb200000| Untracked 
|  29|0x00000000cb300000, 0x00000000cb300000, 0x00000000cb400000|  0%| F|  |TAMS 0x00000000cb300000| PB 0x00000000cb300000| Untracked 
|  30|0x00000000cb400000, 0x00000000cb400000, 0x00000000cb500000|  0%| F|  |TAMS 0x00000000cb400000| PB 0x00000000cb400000| Untracked 
|  31|0x00000000cb500000, 0x00000000cb500000, 0x00000000cb600000|  0%| F|  |TAMS 0x00000000cb500000| PB 0x00000000cb500000| Untracked 
|  32|0x00000000cb600000, 0x00000000cb600000, 0x00000000cb700000|  0%| F|  |TAMS 0x00000000cb600000| PB 0x00000000cb600000| Untracked 
|  33|0x00000000cb700000, 0x00000000cb700000, 0x00000000cb800000|  0%| F|  |TAMS 0x00000000cb700000| PB 0x00000000cb700000| Untracked 
|  34|0x00000000cb800000, 0x00000000cb800000, 0x00000000cb900000|  0%| F|  |TAMS 0x00000000cb800000| PB 0x00000000cb800000| Untracked 
|  35|0x00000000cb900000, 0x00000000cb900000, 0x00000000cba00000|  0%| F|  |TAMS 0x00000000cb900000| PB 0x00000000cb900000| Untracked 
|  36|0x00000000cba00000, 0x00000000cba00000, 0x00000000cbb00000|  0%| F|  |TAMS 0x00000000cba00000| PB 0x00000000cba00000| Untracked 
|  37|0x00000000cbb00000, 0x00000000cbb00000, 0x00000000cbc00000|  0%| F|  |TAMS 0x00000000cbb00000| PB 0x00000000cbb00000| Untracked 
|  38|0x00000000cbc00000, 0x00000000cbc00000, 0x00000000cbd00000|  0%| F|  |TAMS 0x00000000cbc00000| PB 0x00000000cbc00000| Untracked 
|  39|0x00000000cbd00000, 0x00000000cbd00000, 0x00000000cbe00000|  0%| F|  |TAMS 0x00000000cbd00000| PB 0x00000000cbd00000| Untracked 
|  40|0x00000000cbe00000, 0x00000000cbe00000, 0x00000000cbf00000|  0%| F|  |TAMS 0x00000000cbe00000| PB 0x00000000cbe00000| Untracked 
|  41|0x00000000cbf00000, 0x00000000cbf00000, 0x00000000cc000000|  0%| F|  |TAMS 0x00000000cbf00000| PB 0x00000000cbf00000| Untracked 
|  42|0x00000000cc000000, 0x00000000cc000000, 0x00000000cc100000|  0%| F|  |TAMS 0x00000000cc000000| PB 0x00000000cc000000| Untracked 
|  43|0x00000000cc100000, 0x00000000cc1648c0, 0x00000000cc200000| 39%| S|CS|TAMS 0x00000000cc100000| PB 0x00000000cc100000| Complete 
|  44|0x00000000cc200000, 0x00000000cc300000, 0x00000000cc300000|100%| S|CS|TAMS 0x00000000cc200000| PB 0x00000000cc200000| Complete 
|  45|0x00000000cc300000, 0x00000000cc400000, 0x00000000cc400000|100%| S|CS|TAMS 0x00000000cc300000| PB 0x00000000cc300000| Complete 
|  46|0x00000000cc400000, 0x00000000cc400000, 0x00000000cc500000|  0%| F|  |TAMS 0x00000000cc400000| PB 0x00000000cc400000| Untracked 
|  47|0x00000000cc500000, 0x00000000cc500000, 0x00000000cc600000|  0%| F|  |TAMS 0x00000000cc500000| PB 0x00000000cc500000| Untracked 
|  48|0x00000000cc600000, 0x00000000cc600000, 0x00000000cc700000|  0%| F|  |TAMS 0x00000000cc600000| PB 0x00000000cc600000| Untracked 
|  49|0x00000000cc700000, 0x00000000cc700000, 0x00000000cc800000|  0%| F|  |TAMS 0x00000000cc700000| PB 0x00000000cc700000| Untracked 
|  50|0x00000000cc800000, 0x00000000cc800000, 0x00000000cc900000|  0%| F|  |TAMS 0x00000000cc800000| PB 0x00000000cc800000| Untracked 
|  51|0x00000000cc900000, 0x00000000cc900000, 0x00000000cca00000|  0%| F|  |TAMS 0x00000000cc900000| PB 0x00000000cc900000| Untracked 
|  52|0x00000000cca00000, 0x00000000cca00000, 0x00000000ccb00000|  0%| F|  |TAMS 0x00000000cca00000| PB 0x00000000cca00000| Untracked 
|  53|0x00000000ccb00000, 0x00000000ccb00000, 0x00000000ccc00000|  0%| F|  |TAMS 0x00000000ccb00000| PB 0x00000000ccb00000| Untracked 
|  54|0x00000000ccc00000, 0x00000000ccc00000, 0x00000000ccd00000|  0%| F|  |TAMS 0x00000000ccc00000| PB 0x00000000ccc00000| Untracked 
|  55|0x00000000ccd00000, 0x00000000ccd00000, 0x00000000cce00000|  0%| F|  |TAMS 0x00000000ccd00000| PB 0x00000000ccd00000| Untracked 
|  56|0x00000000cce00000, 0x00000000ccf00000, 0x00000000ccf00000|100%| E|  |TAMS 0x00000000cce00000| PB 0x00000000cce00000| Complete 
|  57|0x00000000ccf00000, 0x00000000cd000000, 0x00000000cd000000|100%| E|CS|TAMS 0x00000000ccf00000| PB 0x00000000ccf00000| Complete 
|  58|0x00000000cd000000, 0x00000000cd100000, 0x00000000cd100000|100%| E|CS|TAMS 0x00000000cd000000| PB 0x00000000cd000000| Complete 
|  59|0x00000000cd100000, 0x00000000cd200000, 0x00000000cd200000|100%| E|CS|TAMS 0x00000000cd100000| PB 0x00000000cd100000| Complete 
|  60|0x00000000cd200000, 0x00000000cd300000, 0x00000000cd300000|100%| E|CS|TAMS 0x00000000cd200000| PB 0x00000000cd200000| Complete 
|  61|0x00000000cd300000, 0x00000000cd400000, 0x00000000cd400000|100%| E|CS|TAMS 0x00000000cd300000| PB 0x00000000cd300000| Complete 
|  62|0x00000000cd400000, 0x00000000cd500000, 0x00000000cd500000|100%| E|CS|TAMS 0x00000000cd400000| PB 0x00000000cd400000| Complete 
|  63|0x00000000cd500000, 0x00000000cd600000, 0x00000000cd600000|100%| E|CS|TAMS 0x00000000cd500000| PB 0x00000000cd500000| Complete 
|  64|0x00000000cd600000, 0x00000000cd700000, 0x00000000cd700000|100%| E|CS|TAMS 0x00000000cd600000| PB 0x00000000cd600000| Complete 

Card table byte_map: [0x0000016438f40000,0x0000016439100000] _byte_map_base: 0x00000164388f5000

Marking Bits: (CMBitMap*) 0x000001642ba6a5f0
 Bits: [0x0000016439100000, 0x0000016439ea8000)

Polling page: 0x000001642bb00000

Metaspace:

Usage:
  Non-class:     31.43 MB used.
      Class:      5.07 MB used.
       Both:     36.50 MB used.

Virtual space:
  Non-class space:       64.00 MB reserved,      31.69 MB ( 50%) committed,  1 nodes.
      Class space:        1.00 GB reserved,       5.31 MB ( <1%) committed,  1 nodes.
             Both:        1.06 GB reserved,      37.00 MB (  3%) committed. 

Chunk freelists:
   Non-Class:  15.48 MB
       Class:  10.70 MB
        Both:  26.19 MB

MaxMetaspaceSize: unlimited
CompressedClassSpaceSize: 1.00 GB
Initial GC threshold: 21.00 MB
Current GC threshold: 59.06 MB
CDS: on
 - commit_granule_bytes: 65536.
 - commit_granule_words: 8192.
 - virtual_space_node_default_size: 8388608.
 - enlarge_chunks_in_place: 1.
 - use_allocation_guard: 0.


Internal statistics:

num_allocs_failed_limit: 6.
num_arena_births: 698.
num_arena_deaths: 0.
num_vsnodes_births: 2.
num_vsnodes_deaths: 0.
num_space_committed: 592.
num_space_uncommitted: 0.
num_chunks_returned_to_freelist: 6.
num_chunks_taken_from_freelist: 2098.
num_chunk_merges: 6.
num_chunk_splits: 1462.
num_chunks_enlarged: 1072.
num_inconsistent_stats: 0.

CodeCache: size=49152Kb used=7065Kb max_used=7072Kb free=42087Kb
 bounds [0x00000164358e0000, 0x0000016435fd0000, 0x00000164388e0000]
 total_blobs=4328 nmethods=3750 adapters=502
 compilation: enabled
              stopped_count=0, restarted_count=0
 full_count=0

Compilation events (20 events):
Event: 8.919 Thread 0x000001643c487320 nmethod 3792 0x0000016435dcb590 code [0x0000016435dcb720, 0x0000016435dcb7f8]
Event: 8.919 Thread 0x000001643c487320 3793       1       java.nio.MappedByteBuffer::rewind (7 bytes)
Event: 8.919 Thread 0x000001643c487320 nmethod 3793 0x0000016435dcb290 code [0x0000016435dcb420, 0x0000016435dcb4f8]
Event: 8.919 Thread 0x000001643c487320 3794       1       java.nio.ByteBuffer::rewind (7 bytes)
Event: 8.919 Thread 0x000001643c487320 nmethod 3794 0x0000016435dcaf90 code [0x0000016435dcb120, 0x0000016435dcb1f8]
Event: 8.959 Thread 0x000001643c487320 3795       1       jdk.internal.loader.NativeLibraries$NativeLibraryImpl::find (9 bytes)
Event: 8.959 Thread 0x000001643c487320 nmethod 3795 0x0000016435dca810 code [0x0000016435dca9c0, 0x0000016435dcaaa8]
Event: 8.976 Thread 0x000001643c487320 3797       1       sun.reflect.annotation.AnnotationParser::contains (36 bytes)
Event: 8.976 Thread 0x000001643c487320 nmethod 3797 0x0000016435dc9b10 code [0x0000016435dc9ca0, 0x0000016435dc9db0]
Event: 9.014 Thread 0x000001643c487320 3798       1       java.time.temporal.ValueRange::getMinimum (5 bytes)
Event: 9.014 Thread 0x000001643c487320 nmethod 3798 0x0000016435dc9390 code [0x0000016435dc9520, 0x0000016435dc95e8]
Event: 9.014 Thread 0x000001643c487320 3800       1       java.lang.System::getProperty (25 bytes)
Event: 9.015 Thread 0x000001643c487320 nmethod 3800 0x0000016435dc8e10 code [0x0000016435dc8fe0, 0x0000016435dc9250]
Event: 9.015 Thread 0x000001643c487320 3799       1       java.time.temporal.ValueRange::getMaximum (5 bytes)
Event: 9.015 Thread 0x000001643c487320 nmethod 3799 0x0000016435dc8b10 code [0x0000016435dc8ca0, 0x0000016435dc8d68]
Event: 9.016 Thread 0x000001643c487320 3801       1       java.time.format.DateTimeFormatter::getDecimalStyle (5 bytes)
Event: 9.017 Thread 0x000001643c487320 nmethod 3801 0x0000016435dc8810 code [0x0000016435dc89a0, 0x0000016435dc8a68]
Event: 9.017 Thread 0x000001643c487320 3802       1       java.time.format.DecimalStyle::getZeroDigit (5 bytes)
Event: 9.017 Thread 0x000001643c487320 nmethod 3802 0x0000016435dc8510 code [0x0000016435dc86a0, 0x0000016435dc8770]
Event: 9.018 Thread 0x000001643c487320 3803       1       java.lang.invoke.Invokers::basicInvoker (103 bytes)

GC Heap History (16 events):
Event: 1.051 GC heap before
{Heap before GC invocations=0 (full 0):
 garbage-first heap   total 57344K, used 13312K [0x00000000c9600000, 0x0000000100000000)
  region size 1024K, 13 young (13312K), 0 survivors (0K)
 Metaspace       used 3224K, committed 3328K, reserved 1114112K
  class space    used 405K, committed 448K, reserved 1048576K
}
Event: 1.060 GC heap after
{Heap after GC invocations=1 (full 0):
 garbage-first heap   total 57344K, used 5694K [0x00000000c9600000, 0x0000000100000000)
  region size 1024K, 2 young (2048K), 2 survivors (2048K)
 Metaspace       used 3224K, committed 3328K, reserved 1114112K
  class space    used 405K, committed 448K, reserved 1048576K
}
Event: 1.610 GC heap before
{Heap before GC invocations=1 (full 0):
 garbage-first heap   total 57344K, used 19006K [0x00000000c9600000, 0x0000000100000000)
  region size 1024K, 15 young (15360K), 2 survivors (2048K)
 Metaspace       used 6468K, committed 6720K, reserved 1114112K
  class space    used 881K, committed 1024K, reserved 1048576K
}
Event: 1.619 GC heap after
{Heap after GC invocations=2 (full 0):
 garbage-first heap   total 57344K, used 7195K [0x00000000c9600000, 0x0000000100000000)
  region size 1024K, 2 young (2048K), 2 survivors (2048K)
 Metaspace       used 6468K, committed 6720K, reserved 1114112K
  class space    used 881K, committed 1024K, reserved 1048576K
}
Event: 2.280 GC heap before
{Heap before GC invocations=2 (full 0):
 garbage-first heap   total 57344K, used 30747K [0x00000000c9600000, 0x0000000100000000)
  region size 1024K, 26 young (26624K), 2 survivors (2048K)
 Metaspace       used 12857K, committed 13120K, reserved 1114112K
  class space    used 1678K, committed 1792K, reserved 1048576K
}
Event: 2.288 GC heap after
{Heap after GC invocations=3 (full 0):
 garbage-first heap   total 57344K, used 9136K [0x00000000c9600000, 0x0000000100000000)
  region size 1024K, 4 young (4096K), 4 survivors (4096K)
 Metaspace       used 12857K, committed 13120K, reserved 1114112K
  class space    used 1678K, committed 1792K, reserved 1048576K
}
Event: 3.573 GC heap before
{Heap before GC invocations=3 (full 0):
 garbage-first heap   total 57344K, used 38832K [0x00000000c9600000, 0x0000000100000000)
  region size 1024K, 33 young (33792K), 4 survivors (4096K)
 Metaspace       used 17029K, committed 17344K, reserved 1114112K
  class space    used 2270K, committed 2432K, reserved 1048576K
}
Event: 3.589 GC heap after
{Heap after GC invocations=4 (full 0):
 garbage-first heap   total 57344K, used 12105K [0x00000000c9600000, 0x0000000100000000)
  region size 1024K, 5 young (5120K), 5 survivors (5120K)
 Metaspace       used 17029K, committed 17344K, reserved 1114112K
  class space    used 2270K, committed 2432K, reserved 1048576K
}
Event: 5.518 GC heap before
{Heap before GC invocations=4 (full 0):
 garbage-first heap   total 57344K, used 37705K [0x00000000c9600000, 0x0000000100000000)
  region size 1024K, 31 young (31744K), 5 survivors (5120K)
 Metaspace       used 21156K, committed 21504K, reserved 1114112K
  class space    used 2893K, committed 3072K, reserved 1048576K
}
Event: 5.544 GC heap after
{Heap after GC invocations=5 (full 0):
 garbage-first heap   total 57344K, used 15167K [0x00000000c9600000, 0x0000000100000000)
  region size 1024K, 3 young (3072K), 3 survivors (3072K)
 Metaspace       used 21156K, committed 21504K, reserved 1114112K
  class space    used 2893K, committed 3072K, reserved 1048576K
}
Event: 7.009 GC heap before
{Heap before GC invocations=6 (full 0):
 garbage-first heap   total 55296K, used 44863K [0x00000000c9600000, 0x0000000100000000)
  region size 1024K, 32 young (32768K), 3 survivors (3072K)
 Metaspace       used 26447K, committed 26944K, reserved 1114112K
  class space    used 3671K, committed 3904K, reserved 1048576K
}
Event: 7.021 GC heap after
{Heap after GC invocations=7 (full 0):
 garbage-first heap   total 55296K, used 17652K [0x00000000c9600000, 0x0000000100000000)
  region size 1024K, 3 young (3072K), 3 survivors (3072K)
 Metaspace       used 26447K, committed 26944K, reserved 1114112K
  class space    used 3671K, committed 3904K, reserved 1048576K
}
Event: 8.071 GC heap before
{Heap before GC invocations=7 (full 0):
 garbage-first heap   total 55296K, used 44276K [0x00000000c9600000, 0x0000000100000000)
  region size 1024K, 29 young (29696K), 3 survivors (3072K)
 Metaspace       used 33082K, committed 33664K, reserved 1114112K
  class space    used 4619K, committed 4864K, reserved 1048576K
}
Event: 8.083 GC heap after
{Heap after GC invocations=8 (full 0):
 garbage-first heap   total 55296K, used 19055K [0x00000000c9600000, 0x0000000100000000)
  region size 1024K, 2 young (2048K), 2 survivors (2048K)
 Metaspace       used 33082K, committed 33664K, reserved 1114112K
  class space    used 4619K, committed 4864K, reserved 1048576K
}
Event: 8.624 GC heap before
{Heap before GC invocations=8 (full 0):
 garbage-first heap   total 55296K, used 26223K [0x00000000c9600000, 0x0000000100000000)
  region size 1024K, 10 young (10240K), 2 survivors (2048K)
 Metaspace       used 35514K, committed 36096K, reserved 1114112K
  class space    used 4903K, committed 5184K, reserved 1048576K
}
Event: 8.630 GC heap after
{Heap after GC invocations=9 (full 0):
 garbage-first heap   total 66560K, used 19983K [0x00000000c9600000, 0x0000000100000000)
  region size 1024K, 3 young (3072K), 3 survivors (3072K)
 Metaspace       used 35514K, committed 36096K, reserved 1114112K
  class space    used 4903K, committed 5184K, reserved 1048576K
}

Dll operation events (10 events):
Event: 0.023 Loaded shared library C:\Program Files\Eclipse Adoptium\jdk-21.0.2.13-hotspot\bin\java.dll
Event: 0.341 Loaded shared library C:\Program Files\Eclipse Adoptium\jdk-21.0.2.13-hotspot\bin\net.dll
Event: 0.350 Loaded shared library C:\Program Files\Eclipse Adoptium\jdk-21.0.2.13-hotspot\bin\nio.dll
Event: 0.363 Loaded shared library C:\Program Files\Eclipse Adoptium\jdk-21.0.2.13-hotspot\bin\zip.dll
Event: 0.591 Loaded shared library C:\Program Files\Eclipse Adoptium\jdk-21.0.2.13-hotspot\bin\jimage.dll
Event: 2.599 Loaded shared library C:\Program Files\Eclipse Adoptium\jdk-21.0.2.13-hotspot\bin\sunmscapi.dll
Event: 6.577 Loaded shared library C:\Program Files\Eclipse Adoptium\jdk-21.0.2.13-hotspot\bin\management.dll
Event: 6.588 Loaded shared library C:\Program Files\Eclipse Adoptium\jdk-21.0.2.13-hotspot\bin\management_ext.dll
Event: 7.554 Loaded shared library C:\Program Files\Eclipse Adoptium\jdk-21.0.2.13-hotspot\bin\verify.dll
Event: 8.251 Loaded shared library C:\Program Files\Eclipse Adoptium\jdk-21.0.2.13-hotspot\bin\extnet.dll

Deoptimization events (2 events):
Event: 5.421 Thread 0x000001642b862aa0 DEOPT PACKING pc=0x0000016435e2290c sp=0x0000000209ffd230
Event: 5.421 Thread 0x000001642b862aa0 DEOPT UNPACKING pc=0x0000016435934e42 sp=0x0000000209ffc6e8 mode 0

Classes loaded (20 events):
Event: 9.012 Loading class java/security/SignatureException
Event: 9.012 Loading class java/security/SignatureException done
Event: 9.012 Loading class java/security/PrivateKey
Event: 9.013 Loading class java/security/Key
Event: 9.013 Loading class java/security/Key done
Event: 9.013 Loading class javax/security/auth/Destroyable
Event: 9.013 Loading class javax/security/auth/Destroyable done
Event: 9.013 Loading class java/security/PrivateKey done
Event: 9.014 Loading class javax/net/ssl/SSLSocket
Event: 9.014 Loading class javax/net/ssl/SSLSocket done
Event: 9.014 Loading class javax/crypto/NoSuchPaddingException
Event: 9.015 Loading class javax/crypto/NoSuchPaddingException done
Event: 9.015 Loading class javax/crypto/IllegalBlockSizeException
Event: 9.015 Loading class javax/crypto/IllegalBlockSizeException done
Event: 9.015 Loading class javax/crypto/BadPaddingException
Event: 9.015 Loading class javax/crypto/BadPaddingException done
Event: 9.015 Loading class java/security/spec/InvalidKeySpecException
Event: 9.016 Loading class java/security/spec/InvalidKeySpecException done
Event: 9.016 Loading class java/security/spec/KeySpec
Event: 9.016 Loading class java/security/spec/KeySpec done

Classes unloaded (0 events):
No events

Classes redefined (0 events):
No events

Internal exceptions (20 events):
Event: 6.041 Thread 0x000001642b862aa0 Exception <a 'java/lang/NoSuchMethodError'{0x00000000cc6720e0}: 'int java.lang.invoke.DirectMethodHandle$Holder.invokeSpecialIFC(java.lang.Object, java.lang.Object, java.lang.Object)'> (0x00000000cc6720e0) 
thrown [s\src\hotspot\share\interpreter\linkResolver.cpp, line 773]
Event: 6.043 Thread 0x000001642b862aa0 Exception <a 'java/lang/NoSuchMethodError'{0x00000000cc67e458}: 'void java.lang.invoke.DirectMethodHandle$Holder.invokeStatic(java.lang.Object, int, java.lang.Object)'> (0x00000000cc67e458) 
thrown [s\src\hotspot\share\interpreter\linkResolver.cpp, line 773]
Event: 6.051 Thread 0x000001642b862aa0 Exception <a 'java/lang/NoSuchMethodError'{0x00000000cc6b4a90}: 'void java.lang.invoke.DirectMethodHandle$Holder.invokeStatic(java.lang.Object, java.lang.Object, java.lang.Object, int, java.lang.Object)'> (0x00000000cc6b4a90) 
thrown [s\src\hotspot\share\interpreter\linkResolver.cpp, line 773]
Event: 6.052 Thread 0x000001642b862aa0 Exception <a 'java/lang/NoSuchMethodError'{0x00000000cc6bb2d0}: 'java.lang.Object java.lang.invoke.DirectMethodHandle$Holder.newInvokeSpecial(java.lang.Object, java.lang.Object, java.lang.Object, int)'> (0x00000000cc6bb2d0) 
thrown [s\src\hotspot\share\interpreter\linkResolver.cpp, line 773]
Event: 6.052 Thread 0x000001642b862aa0 Exception <a 'java/lang/NoSuchMethodError'{0x00000000cc6bf150}: 'java.lang.Object java.lang.invoke.DirectMethodHandle$Holder.invokeSpecial(java.lang.Object, java.lang.Object, java.lang.Object, java.lang.Object, int)'> (0x00000000cc6bf150) 
thrown [s\src\hotspot\share\interpreter\linkResolver.cpp, line 773]
Event: 6.052 Thread 0x000001642b862aa0 Exception <a 'java/lang/NoSuchMethodError'{0x00000000cc6c25d8}: 'java.lang.Object java.lang.invoke.Invokers$Holder.linkToTargetMethod(java.lang.Object, java.lang.Object, int, java.lang.Object)'> (0x00000000cc6c25d8) 
thrown [s\src\hotspot\share\interpreter\linkResolver.cpp, line 773]
Event: 6.181 Thread 0x000001642b862aa0 Exception <a 'java/lang/NoSuchMethodError'{0x00000000cc2b7b68}: 'java.lang.Object java.lang.invoke.DirectMethodHandle$Holder.invokeStaticInit(java.lang.Object, int, int, int, int)'> (0x00000000cc2b7b68) 
thrown [s\src\hotspot\share\interpreter\linkResolver.cpp, line 773]
Event: 6.270 Thread 0x000001642b862aa0 Exception <a 'java/lang/NoSuchMethodError'{0x00000000cc155bc0}: 'java.lang.Object java.lang.invoke.DirectMethodHandle$Holder.invokeStaticInit(java.lang.Object, java.lang.Object, int, int, int, int)'> (0x00000000cc155bc0) 
thrown [s\src\hotspot\share\interpreter\linkResolver.cpp, line 773]
Event: 6.429 Thread 0x000001642b862aa0 Exception <a 'java/lang/NoSuchMethodError'{0x00000000cbd15b30}: 'int java.lang.invoke.DirectMethodHandle$Holder.invokeVirtual(java.lang.Object, java.lang.Object, java.lang.Object, java.lang.Object)'> (0x00000000cbd15b30) 
thrown [s\src\hotspot\share\interpreter\linkResolver.cpp, line 773]
Event: 6.429 Thread 0x000001642b862aa0 Exception <a 'java/lang/NoSuchMethodError'{0x00000000cbd19598}: 'int java.lang.invoke.DelegatingMethodHandle$Holder.reinvoke_L(java.lang.Object, java.lang.Object, java.lang.Object, java.lang.Object)'> (0x00000000cbd19598) 
thrown [s\src\hotspot\share\interpreter\linkResolver.cpp, line 773]
Event: 6.618 Thread 0x000001642b862aa0 Exception <a 'java/io/FileNotFoundException'{0x00000000cbb40400}> (0x00000000cbb40400) 
thrown [s\src\hotspot\share\prims\jni.cpp, line 520]
Event: 6.669 Thread 0x000001642b862aa0 Exception <a 'java/lang/NoSuchMethodError'{0x00000000cbabf398}: 'int java.lang.invoke.DirectMethodHandle$Holder.invokeInterface(java.lang.Object, java.lang.Object, java.lang.Object, java.lang.Object)'> (0x00000000cbabf398) 
thrown [s\src\hotspot\share\interpreter\linkResolver.cpp, line 773]
Event: 6.756 Thread 0x000001642b862aa0 Exception <a 'java/lang/NoSuchMethodError'{0x00000000cb8b0748}: 'long java.lang.invoke.DirectMethodHandle$Holder.invokeVirtual(java.lang.Object, java.lang.Object)'> (0x00000000cb8b0748) 
thrown [s\src\hotspot\share\interpreter\linkResolver.cpp, line 773]
Event: 6.889 Thread 0x000001642b862aa0 Exception <a 'java/lang/NoSuchMethodError'{0x00000000cae37a88}: 'java.lang.Object java.lang.invoke.DirectMethodHandle$Holder.newInvokeSpecial(java.lang.Object, java.lang.Object, java.lang.Object, java.lang.Object, java.lang.Object, java.lang.Object, java.lang.Object, java.lang.Object, java.lang.Object, java.lang.Object, java.lang.Object)'> (0x00000000cae37a88) 
thrown [s\src\hotspot\share\interpreter\linkResolver.cpp, line 773]
Event: 7.046 Thread 0x000001642b862aa0 Exception <a 'java/lang/NoSuchMethodError'{0x00000000ccdd9768}: 'void java.lang.invoke.DelegatingMethodHandle$Holder.reinvoke_L(java.lang.Object, java.lang.Object, java.lang.Object, java.lang.Object, int, java.lang.Object, java.lang.Object, java.lang.Object)'> (0x00000000ccdd9768) 
thrown [s\src\hotspot\share\interpreter\linkResolver.cpp, line 773]
Event: 7.940 Thread 0x000001642b862aa0 Exception <a 'java/lang/NoSuchMethodError'{0x00000000cb479538}: 'int java.lang.invoke.DirectMethodHandle$Holder.invokeStatic(java.lang.Object)'> (0x00000000cb479538) 
thrown [s\src\hotspot\share\interpreter\linkResolver.cpp, line 773]
Event: 8.820 Thread 0x000001642b862aa0 Exception <a 'java/lang/NoSuchMethodError'{0x00000000cd4e7498}: 'java.lang.Object java.lang.invoke.DirectMethodHandle$Holder.invokeStaticInit(java.lang.Object, java.lang.Object, java.lang.Object, java.lang.Object)'> (0x00000000cd4e7498) 
thrown [s\src\hotspot\share\interpreter\linkResolver.cpp, line 773]
Event: 8.840 Thread 0x000001642b862aa0 Exception <a 'java/lang/NoSuchMethodError'{0x00000000cd376298}: 'int java.lang.invoke.Invokers$Holder.invokeExact_MT(java.lang.Object, java.lang.Object)'> (0x00000000cd376298) 
thrown [s\src\hotspot\share\interpreter\linkResolver.cpp, line 773]
Event: 9.012 Thread 0x000001642b862aa0 Exception <a 'java/lang/OutOfMemoryError'{0x00000000cced2180}> (0x00000000cced2180) 
thrown [s\src\hotspot\share\prims\jni.cpp, line 539]
Event: 9.018 Thread 0x000001642b862aa0 Exception <a 'java/lang/NoSuchMethodError'{0x00000000ccedb6b0}: 'void java.lang.invoke.Invokers$Holder.invokeExact_MT(java.lang.Object, java.lang.Object, java.lang.Object, java.lang.Object)'> (0x00000000ccedb6b0) 
thrown [s\src\hotspot\share\interpreter\linkResolver.cpp, line 773]

ZGC Phase Switch (0 events):
No events

VM Operations (20 events):
Event: 6.701 Executing VM operation: HandshakeAllThreads (Deoptimize)
Event: 6.701 Executing VM operation: HandshakeAllThreads (Deoptimize) done
Event: 6.770 Executing VM operation: HandshakeAllThreads (Deoptimize)
Event: 6.770 Executing VM operation: HandshakeAllThreads (Deoptimize) done
Event: 6.799 Executing VM operation: HandshakeAllThreads (Deoptimize)
Event: 6.800 Executing VM operation: HandshakeAllThreads (Deoptimize) done
Event: 7.009 Executing VM operation: G1CollectForAllocation (G1 Evacuation Pause)
Event: 7.021 Executing VM operation: G1CollectForAllocation (G1 Evacuation Pause) done
Event: 7.157 Executing VM operation: HandshakeAllThreads (Deoptimize)
Event: 7.157 Executing VM operation: HandshakeAllThreads (Deoptimize) done
Event: 8.071 Executing VM operation: G1CollectForAllocation (G1 Evacuation Pause)
Event: 8.083 Executing VM operation: G1CollectForAllocation (G1 Evacuation Pause) done
Event: 8.340 Executing VM operation: HandshakeAllThreads (Deoptimize)
Event: 8.340 Executing VM operation: HandshakeAllThreads (Deoptimize) done
Event: 8.624 Executing VM operation: CollectForMetadataAllocation (Metadata GC Threshold)
Event: 8.630 Executing VM operation: CollectForMetadataAllocation (Metadata GC Threshold) done
Event: 8.682 Executing VM operation: G1PauseRemark
Event: 8.689 Executing VM operation: G1PauseRemark done
Event: 8.705 Executing VM operation: G1PauseCleanup
Event: 8.724 Executing VM operation: G1PauseCleanup done

Events (20 events):
Event: 8.687 Thread 0x000001643c454a20 flushing nmethod 0x0000016435a7c990
Event: 8.687 Thread 0x000001643c454a20 flushing nmethod 0x0000016435a89290
Event: 8.687 Thread 0x000001643c454a20 flushing nmethod 0x0000016435a74290
Event: 8.687 Thread 0x000001643c454a20 flushing nmethod 0x0000016435a43990
Event: 8.687 Thread 0x000001643c454a20 flushing nmethod 0x0000016435a43590
Event: 8.687 Thread 0x000001643c454a20 flushing nmethod 0x0000016435a41b10
Event: 8.687 Thread 0x000001643c454a20 flushing nmethod 0x0000016435a50190
Event: 8.687 Thread 0x000001643c454a20 flushing nmethod 0x0000016435a4f510
Event: 8.687 Thread 0x000001643c454a20 flushing nmethod 0x0000016435a4c690
Event: 8.687 Thread 0x000001643c454a20 flushing nmethod 0x0000016435a44a10
Event: 8.687 Thread 0x000001643c454a20 flushing nmethod 0x0000016435a44490
Event: 8.687 Thread 0x000001643c454a20 flushing nmethod 0x0000016435a43f90
Event: 8.687 Thread 0x000001643c454a20 flushing nmethod 0x0000016435a3cc10
Event: 8.687 Thread 0x000001643c454a20 flushing nmethod 0x0000016435a32f90
Event: 8.687 Thread 0x000001643c454a20 flushing nmethod 0x0000016435a24c10
Event: 8.687 Thread 0x000001643c454a20 flushing nmethod 0x0000016435a05190
Event: 8.687 Thread 0x000001643c454a20 flushing nmethod 0x0000016435a04e10
Event: 8.687 Thread 0x000001643c454a20 flushing nmethod 0x0000016435a03810
Event: 8.687 Thread 0x000001643c454a20 flushing nmethod 0x0000016435a01790
Event: 8.687 Thread 0x000001643c454a20 flushing nmethod 0x0000016435a08890


Dynamic libraries:
0x00007ff780dc0000 - 0x00007ff780dce000 	C:\Program Files\Eclipse Adoptium\jdk-21.0.2.13-hotspot\bin\java.exe
0x00007ffd378d0000 - 0x00007ffd37ac8000 	C:\WINDOWS\SYSTEM32\ntdll.dll
0x00007ffd377c0000 - 0x00007ffd37882000 	C:\WINDOWS\System32\KERNEL32.DLL
0x00007ffd35550000 - 0x00007ffd35846000 	C:\WINDOWS\System32\KERNELBASE.dll
0x00007ffd34f60000 - 0x00007ffd35060000 	C:\WINDOWS\System32\ucrtbase.dll
0x00007ffd2e610000 - 0x00007ffd2e62b000 	C:\Program Files\Eclipse Adoptium\jdk-21.0.2.13-hotspot\bin\VCRUNTIME140.dll
0x00007ffd2e150000 - 0x00007ffd2e168000 	C:\Program Files\Eclipse Adoptium\jdk-21.0.2.13-hotspot\bin\jli.dll
0x00007ffd36eb0000 - 0x00007ffd3704d000 	C:\WINDOWS\System32\USER32.dll
0x00007ffd35180000 - 0x00007ffd351a2000 	C:\WINDOWS\System32\win32u.dll
0x00007ffd1f450000 - 0x00007ffd1f6ea000 	C:\WINDOWS\WinSxS\amd64_microsoft.windows.common-controls_6595b64144ccf1df_6.0.19041.5915_none_60b4b9d171f9c7c7\COMCTL32.dll
0x00007ffd35df0000 - 0x00007ffd35e1b000 	C:\WINDOWS\System32\GDI32.dll
0x00007ffd35f50000 - 0x00007ffd35fee000 	C:\WINDOWS\System32\msvcrt.dll
0x00007ffd35060000 - 0x00007ffd35179000 	C:\WINDOWS\System32\gdi32full.dll
0x00007ffd35850000 - 0x00007ffd358ed000 	C:\WINDOWS\System32\msvcp_win.dll
0x00007ffd36350000 - 0x00007ffd3637f000 	C:\WINDOWS\System32\IMM32.DLL
0x00007ffd2f120000 - 0x00007ffd2f12c000 	C:\Program Files\Eclipse Adoptium\jdk-21.0.2.13-hotspot\bin\vcruntime140_1.dll
0x00007ffcfe170000 - 0x00007ffcfe1fe000 	C:\Program Files\Eclipse Adoptium\jdk-21.0.2.13-hotspot\bin\msvcp140.dll
0x00007ffcb7e50000 - 0x00007ffcb8bd3000 	C:\Program Files\Eclipse Adoptium\jdk-21.0.2.13-hotspot\bin\server\jvm.dll
0x00007ffd36cb0000 - 0x00007ffd36d61000 	C:\WINDOWS\System32\ADVAPI32.dll
0x00007ffd35b30000 - 0x00007ffd35bcf000 	C:\WINDOWS\System32\sechost.dll
0x00007ffd358f0000 - 0x00007ffd35a13000 	C:\WINDOWS\System32\RPCRT4.dll
0x00007ffd35230000 - 0x00007ffd35257000 	C:\WINDOWS\System32\bcrypt.dll
0x00007ffd36410000 - 0x00007ffd3647b000 	C:\WINDOWS\System32\WS2_32.dll
0x00007ffd34dc0000 - 0x00007ffd34e0b000 	C:\WINDOWS\SYSTEM32\POWRPROF.dll
0x00007ffd2ab20000 - 0x00007ffd2ab47000 	C:\WINDOWS\SYSTEM32\WINMM.dll
0x00007ffd2ca00000 - 0x00007ffd2ca0a000 	C:\WINDOWS\SYSTEM32\VERSION.dll
0x00007ffd34da0000 - 0x00007ffd34db2000 	C:\WINDOWS\SYSTEM32\UMPDC.dll
0x00007ffd33780000 - 0x00007ffd33792000 	C:\WINDOWS\SYSTEM32\kernel.appcore.dll
0x00007ffd2dc70000 - 0x00007ffd2dc7a000 	C:\Program Files\Eclipse Adoptium\jdk-21.0.2.13-hotspot\bin\jimage.dll
0x00007ffd33540000 - 0x00007ffd33741000 	C:\WINDOWS\SYSTEM32\DBGHELP.DLL
0x00007ffd20860000 - 0x00007ffd20894000 	C:\WINDOWS\SYSTEM32\dbgcore.DLL
0x00007ffd354c0000 - 0x00007ffd35542000 	C:\WINDOWS\System32\bcryptPrimitives.dll
0x00007ffd2d570000 - 0x00007ffd2d58f000 	C:\Program Files\Eclipse Adoptium\jdk-21.0.2.13-hotspot\bin\java.dll
0x00007ffd37050000 - 0x00007ffd377be000 	C:\WINDOWS\System32\SHELL32.dll
0x00007ffd32cd0000 - 0x00007ffd33474000 	C:\WINDOWS\SYSTEM32\windows.storage.dll
0x00007ffd35ff0000 - 0x00007ffd36343000 	C:\WINDOWS\System32\combase.dll
0x00007ffd348c0000 - 0x00007ffd348eb000 	C:\WINDOWS\SYSTEM32\Wldp.dll
0x00007ffd35e20000 - 0x00007ffd35eed000 	C:\WINDOWS\System32\OLEAUT32.dll
0x00007ffd36480000 - 0x00007ffd3652d000 	C:\WINDOWS\System32\SHCORE.dll
0x00007ffd35cb0000 - 0x00007ffd35d0b000 	C:\WINDOWS\System32\shlwapi.dll
0x00007ffd34e90000 - 0x00007ffd34eb4000 	C:\WINDOWS\SYSTEM32\profapi.dll
0x00007ffd2dc60000 - 0x00007ffd2dc70000 	C:\Program Files\Eclipse Adoptium\jdk-21.0.2.13-hotspot\bin\net.dll
0x00007ffd2b530000 - 0x00007ffd2b63a000 	C:\WINDOWS\SYSTEM32\WINHTTP.dll
0x00007ffd34620000 - 0x00007ffd3468a000 	C:\WINDOWS\system32\mswsock.dll
0x00007ffd2b740000 - 0x00007ffd2b756000 	C:\Program Files\Eclipse Adoptium\jdk-21.0.2.13-hotspot\bin\nio.dll
0x00007ffd1e180000 - 0x00007ffd1e198000 	C:\Program Files\Eclipse Adoptium\jdk-21.0.2.13-hotspot\bin\zip.dll
0x00007ffd2d7c0000 - 0x00007ffd2d7ce000 	C:\Program Files\Eclipse Adoptium\jdk-21.0.2.13-hotspot\bin\sunmscapi.dll
0x00007ffd35310000 - 0x00007ffd3546d000 	C:\WINDOWS\System32\CRYPT32.dll
0x00007ffd34930000 - 0x00007ffd34957000 	C:\WINDOWS\SYSTEM32\ncrypt.dll
0x00007ffd348f0000 - 0x00007ffd3492b000 	C:\WINDOWS\SYSTEM32\NTASN1.dll
0x00007ffd34820000 - 0x00007ffd34838000 	C:\WINDOWS\SYSTEM32\CRYPTSP.dll
0x00007ffd33f40000 - 0x00007ffd33f78000 	C:\WINDOWS\system32\rsaenh.dll
0x00007ffd34e50000 - 0x00007ffd34e7e000 	C:\WINDOWS\SYSTEM32\USERENV.dll
0x00007ffd34810000 - 0x00007ffd3481c000 	C:\WINDOWS\SYSTEM32\CRYPTBASE.dll
0x00007ffd34300000 - 0x00007ffd3433b000 	C:\WINDOWS\SYSTEM32\IPHLPAPI.DLL
0x00007ffd36ea0000 - 0x00007ffd36ea8000 	C:\WINDOWS\System32\NSI.dll
0x00007ffd2d4c0000 - 0x00007ffd2d4ca000 	C:\Program Files\Eclipse Adoptium\jdk-21.0.2.13-hotspot\bin\management.dll
0x00007ffd25700000 - 0x00007ffd2570b000 	C:\Program Files\Eclipse Adoptium\jdk-21.0.2.13-hotspot\bin\management_ext.dll
0x00007ffd36710000 - 0x00007ffd36718000 	C:\WINDOWS\System32\PSAPI.DLL
0x00007ffd2da70000 - 0x00007ffd2da80000 	C:\Program Files\Eclipse Adoptium\jdk-21.0.2.13-hotspot\bin\verify.dll
0x00007ffd34340000 - 0x00007ffd3440a000 	C:\WINDOWS\SYSTEM32\DNSAPI.dll
0x00007ffd2dcd0000 - 0x00007ffd2dcda000 	C:\Windows\System32\rasadhlp.dll
0x00007ffd1c8d0000 - 0x00007ffd1c950000 	C:\WINDOWS\System32\fwpuclnt.dll
0x00007ffd21630000 - 0x00007ffd21639000 	C:\Program Files\Eclipse Adoptium\jdk-21.0.2.13-hotspot\bin\extnet.dll

dbghelp: loaded successfully - version: 4.0.5 - missing functions: none
symbol engine: initialized successfully - sym options: 0x614 - pdb path: .;C:\Program Files\Eclipse Adoptium\jdk-21.0.2.13-hotspot\bin;C:\WINDOWS\SYSTEM32;C:\WINDOWS\WinSxS\amd64_microsoft.windows.common-controls_6595b64144ccf1df_6.0.19041.5915_none_60b4b9d171f9c7c7;C:\Program Files\Eclipse Adoptium\jdk-21.0.2.13-hotspot\bin\server

VM Arguments:
jvm_args: -XX:TieredStopAtLevel=1 
java_command: com.snehakhanna.financemanager.FinancemanagerApplication
java_class_path (initial): F:\financemanager\financemanager\target\classes;C:\Users\HP\.m2\repository\org\springframework\boot\spring-boot\3.2.4\spring-boot-3.2.4.jar;C:\Users\HP\.m2\repository\org\springframework\boot\spring-boot-autoconfigure\3.2.4\spring-boot-autoconfigure-3.2.4.jar;C:\Users\HP\.m2\repository\ch\qos\logback\logback-classic\1.4.14\logback-classic-1.4.14.jar;C:\Users\HP\.m2\repository\ch\qos\logback\logback-core\1.4.14\logback-core-1.4.14.jar;C:\Users\HP\.m2\repository\org\apache\logging\log4j\log4j-to-slf4j\2.21.1\log4j-to-slf4j-2.21.1.jar;C:\Users\HP\.m2\repository\org\apache\logging\log4j\log4j-api\2.21.1\log4j-api-2.21.1.jar;C:\Users\HP\.m2\repository\org\slf4j\jul-to-slf4j\2.0.12\jul-to-slf4j-2.0.12.jar;C:\Users\HP\.m2\repository\jakarta\annotation\jakarta.annotation-api\2.1.1\jakarta.annotation-api-2.1.1.jar;C:\Users\HP\.m2\repository\org\yaml\snakeyaml\2.2\snakeyaml-2.2.jar;C:\Users\HP\.m2\repository\com\fasterxml\jackson\core\jackson-databind\2.15.4\jackson-databind-2.15.4.jar;C:\Users\HP\.m2\repository\com\fasterxml\jackson\core\jackson-annotations\2.15.4\jackson-annotations-2.15.4.jar;C:\Users\HP\.m2\repository\com\fasterxml\jackson\core\jackson-core\2.15.4\jackson-core-2.15.4.jar;C:\Users\HP\.m2\repository\com\fasterxml\jackson\datatype\jackson-datatype-jdk8\2.15.4\jackson-datatype-jdk8-2.15.4.jar;C:\Users\HP\.m2\repository\com\fasterxml\jackson\datatype\jackson-datatype-jsr310\2.15.4\jackson-datatype-jsr310-2.15.4.jar;C:\Users\HP\.m2\repository\com\fasterxml\jackson\module\jackson-module-parameter-names\2.15.4\jackson-module-parameter-names-2.15.4.jar;C:\Users\HP\.m2\repository\org\apache\tomcat\embed\tomcat-embed-core\10.1.19\tomcat-embed-core-10.1.19.jar;C:\Users\HP\.m2\repository\org\apache\tomcat\embed\tomcat-embed-el\10.1.19\tomcat-embed-el-10.1.19.jar;C:\Users\HP\.m2\repository\org\apache\tomcat\embed\tomcat-embed-websocket\10.1.19\tomcat-embed-websocket-10.1.19.jar;C:\Users\HP\.m2\repository\org\springframework\spring-web\6.1.5\spring-web-6.1.5.jar;C:\Users\HP\.m2\repository\org\springframework\spring-beans\6.1.5\spring-beans-6.1.5.jar;C:\Users\HP\.m2\repository\io\micrometer\micrometer-observation\1.12.4\micrometer-observation-1.12.4.jar;C:\Users\HP\.m2\repository\io\micrometer\micrometer-commons\1.12.4\micrometer-commons-1.12.4.jar;C:\Users\HP\.m2\repository\org\springframework\spring-webmvc\6.1.5\spring-webmvc-6.1.5.jar;C:\Users\HP\.m2\repository\org\springframework\spring-aop\6.1.5\spring-aop-6.1.5.jar;C:\Users\HP\.m2\repository\org\springframework\spring-context\6.1.5\spring-context-6.1.5.jar;C:\Users\HP\.m2\repository\org\springframework\spring-expression\6.1.5\spring-expression-6.1.5.jar;C:\Users\HP\.m2\repository\org\aspectj\aspectjweaver\1.9.21\aspectjweaver-1.9.21.jar;C:\Users\HP\.m2\repository\com\zaxxer\HikariCP\5.0.1\HikariCP-5.0.1.jar;C:\Users\HP\.m2\repository\org\springframework\spring-jdbc\6.1.5\spring-jdbc-6.1.5.jar;C:\Users\HP\.m2\repository\org\hibernate\orm\hibernate-core\6.4.4.Final\hibernate-core-6.4.4.Final.jar;C:\Users\HP\.m2\repository\jakarta\persistence\jakarta.persistence-api\3.1.0\jakarta.persistence-api-3.1.0.jar;C:\Users\HP\.m2\repository\jakarta\transaction\jakarta.transaction-api\2.0.1\jakarta.transaction-api-2.0.1.jar;C:\Users\HP\.m2\repository\org\jboss\logging\jboss-logging\3.5.3.Final\jboss-logging-3.5.3.Final.jar;C:\Users\HP\.m2\repository\org\hibernate\common\hibernate-commons-annotations\6.0.6.Final\hibernate-commons-annotations-6.0.6.Final.jar;C:\Users\HP\.m2\repository\io\smallrye\jandex\3.1.2\jandex-3.1.2.jar;C:\Users\HP\.m2\repository\com\fasterxml\classmate\1.6.0\classmate-1.6.0.jar;C:\Users\HP\.m2\repository\net\bytebuddy\byte-buddy\1.14.12\byte-buddy-1.14.12.jar;C:\Users\HP\.m2\repository\org\glassfish\jaxb\jaxb-runtime\4.0.5\jaxb-runtime-4.0.5.jar;C:\Users\HP\.m2\repository\org\glassfish\jaxb\jaxb-core\4.0.5\jaxb-core-4.0.5.jar;C:\Users\HP\.m2\repository\org\eclipse\angus\angus-activation\2.0.2\angus-activation-2.0.2.jar;C:\Users\HP\.m2\repository\org\glassfish\jaxb\txw2\4.0.5\txw2-4.0.5.jar;C:\Users\HP\.m2\repository\com\sun\istack\istack-commons-runtime\4.1.2\istack-commons-runtime-4.1.2.jar;C:\Users\HP\.m2\repository\jakarta\inject\jakarta.inject-api\2.0.1\jakarta.inject-api-2.0.1.jar;C:\Users\HP\.m2\repository\org\antlr\antlr4-runtime\4.13.0\antlr4-runtime-4.13.0.jar;C:\Users\HP\.m2\repository\org\springframework\data\spring-data-jpa\3.2.4\spring-data-jpa-3.2.4.jar;C:\Users\HP\.m2\repository\org\springframework\data\spring-data-commons\3.2.4\spring-data-commons-3.2.4.jar;C:\Users\HP\.m2\repository\org\springframework\spring-orm\6.1.5\spring-orm-6.1.5.jar;C:\Users\HP\.m2\repository\org\springframework\spring-tx\6.1.5\spring-tx-6.1.5.jar;C:\Users\HP\.m2\repository\org\slf4j\slf4j-api\2.0.12\slf4j-api-2.0.12.jar;C:\Users\HP\.m2\repository\org\springframework\spring-aspects\6.1.5\spring-aspects-6.1.5.jar;C:\Users\HP\.m2\repository\com\mysql\mysql-connector-j\8.3.0\mysql-connector-j-8.3.0.jar;C:\Users\HP\.m2\repository\jakarta\xml\bind\jakarta.xml.bind-api\4.0.2\jakarta.xml.bind-api-4.0.2.jar;C:\Users\HP\.m2\repository\jakarta\activation\jakarta.activation-api\2.1.3\jakarta.activation-api-2.1.3.jar;C:\Users\HP\.m2\repository\org\springframework\spring-core\6.1.5\spring-core-6.1.5.jar;C:\Users\HP\.m2\repository\org\springframework\spring-jcl\6.1.5\spring-jcl-6.1.5.jar
Launcher Type: SUN_STANDARD

[Global flags]
     intx CICompilerCount                          = 3                                         {product} {ergonomic}
     uint ConcGCThreads                            = 1                                         {product} {ergonomic}
     uint G1ConcRefinementThreads                  = 4                                         {product} {ergonomic}
   size_t G1HeapRegionSize                         = 1048576                                   {product} {ergonomic}
    uintx GCDrainStackTargetSize                   = 64                                        {product} {ergonomic}
   size_t InitialHeapSize                          = 58720256                                  {product} {ergonomic}
   size_t MarkStackSize                            = 4194304                                   {product} {ergonomic}
   size_t MaxHeapSize                              = 916455424                                 {product} {ergonomic}
   size_t MaxNewSize                               = 549453824                                 {product} {ergonomic}
   size_t MinHeapDeltaBytes                        = 1048576                                   {product} {ergonomic}
   size_t MinHeapSize                              = 8388608                                   {product} {ergonomic}
    uintx NonNMethodCodeHeapSize                   = 4096                                   {pd product} {ergonomic}
    uintx NonProfiledCodeHeapSize                  = 0                                      {pd product} {ergonomic}
     bool ProfileInterpreter                       = false                                  {pd product} {command line}
    uintx ProfiledCodeHeapSize                     = 0                                      {pd product} {ergonomic}
   size_t SoftMaxHeapSize                          = 916455424                              {manageable} {ergonomic}
     intx TieredStopAtLevel                        = 1                                         {product} {command line}
     bool UseCompressedOops                        = true                           {product lp64_product} {ergonomic}
     bool UseG1GC                                  = true                                      {product} {ergonomic}
     bool UseLargePagesIndividualAllocation        = false                                  {pd product} {ergonomic}

Logging:
Log output configuration:
 #0: stdout all=warning uptime,level,tags foldmultilines=false
 #1: stderr all=off uptime,level,tags foldmultilines=false

Environment Variables:
PATH=C:\Python313\Scripts\;C:\Python313\;C:\Program Files\Eclipse Adoptium\jdk-21.0.2.13-hotspot\bin;C:\Program Files\Common Files\Oracle\Java\javapath;C:\WINDOWS\system32;C:\WINDOWS;C:\WINDOWS\System32\Wbem;C:\WINDOWS\System32\WindowsPowerShell\v1.0\;C:\WINDOWS\System32\OpenSSH\;C:\Program Files\Git\cmd;C:\Program Files\nodejs\;C:\ProgramData\chocolatey\bin;C:\Users\HP\Downloads\apache-maven-3.9.9-bin\bin;C:\Users\HP\Downloads\apache-maven-3.9.9-bin\apache-maven-3.9.9\bin;C:\Program Files\MySQL\MySQL Shell 8.0\bin\;C:\Users\HP\AppData\Local\Microsoft\WindowsApps;C:\Users\HP\AppData\Local\Programs\Microsoft VS Code\bin;C:\Users\HP\AppData\Local\GitHubDesktop\bin;C:\Program Files\JetBrains\IntelliJ IDEA Community Edition 2023.2.2\bin;;C:\Users\HP\AppData\Local\Microsoft\WinGet\Packages\Schniz.fnm_Microsoft.Winget.Source_8wekyb3d8bbwe;C:\Users\HP\AppData\Roaming\npm
USERNAME=HP
LANG=en_US.UTF-8
OS=Windows_NT
PROCESSOR_IDENTIFIER=AMD64 Family 23 Model 17 Stepping 0, AuthenticAMD
TMP=C:\Users\HP\AppData\Local\Temp
TEMP=C:\Users\HP\AppData\Local\Temp




Periodic native trim disabled

---------------  S Y S T E M  ---------------

OS:
 Windows 10 , 64 bit Build 19041 (10.0.19041.5915)
OS uptime: 10 days 3:20 hours

CPU: total 4 (initial active 4) (4 cores per cpu, 2 threads per core) family 23 model 17 stepping 0 microcode 0x0, cx8, cmov, fxsr, ht, mmx, 3dnowpref, sse, sse2, sse3, ssse3, sse4a, sse4.1, sse4.2, popcnt, lzcnt, tsc, tscinvbit, avx, avx2, aes, clmul, bmi1, bmi2, adx, sha, fma, vzeroupper, clflush, clflushopt, rdtscp, f16c
Processor Information for all 4 processors :
  Max Mhz: 2500, Current Mhz: 2500, Mhz Limit: 2500

Memory: 4k page, system-wide physical 3491M (106M free)
TotalPageFile size 14243M (AvailPageFile size 1M)
current process WorkingSet (physical memory assigned to process): 164M, peak: 164M
current process commit charge ("private bytes"): 198M, peak: 198M

vm_info: OpenJDK 64-Bit Server VM (21.0.2+13-LTS) for windows-amd64 JRE (21.0.2+13-LTS), built on 2024-01-16T00:00:00Z by "admin" with unknown MS VC++:1937

END.
