#
# There is insufficient memory for the Java Runtime Environment to continue.
# Native memory allocation (malloc) failed to allocate 65552 bytes for Chunk::new
# Possible reasons:
#   The system is out of physical RAM or swap space
#   The process is running with CompressedOops enabled, and the Java Heap may be blocking the growth of the native heap
# Possible solutions:
#   Reduce memory load on the system
#   Increase physical memory or swap space
#   Check if swap backing store is full
#   Decrease Java heap size (-Xmx/-Xms)
#   Decrease number of Java threads
#   Decrease Java thread stack sizes (-Xss)
#   Set larger code cache with -XX:ReservedCodeCacheSize=
#   JVM is running with Unscaled Compressed Oops mode in which the Java heap is
#     placed in the first 4GB address space. The Java Heap base address is the
#     maximum limit for the native heap growth. Please use -XX:HeapBaseMinAddress
#     to set the Java Heap base and to place the Java Heap above 4GB virtual address.
# This output file may be truncated or incomplete.
#
#  Out of Memory Error (arena.cpp:168), pid=29324, tid=18184
#
# JRE version: OpenJDK Runtime Environment Temurin-21.0.2+13 (21.0.2+13) (build 21.0.2+13-LTS)
# Java VM: OpenJDK 64-Bit Server VM Temurin-21.0.2+13 (21.0.2+13-LTS, mixed mode, sharing, tiered, compressed oops, compressed class ptrs, g1 gc, windows-amd64)
# No core dump will be written. Minidumps are not enabled by default on client versions of Windows
#

---------------  S U M M A R Y ------------

Command Line: -Dclassworlds.conf=C:\Users\HP\Downloads\apache-maven-3.9.9-bin\apache-maven-3.9.9\bin\m2.conf -Dmaven.home=C:\Users\HP\Downloads\apache-maven-3.9.9-bin\apache-maven-3.9.9 -Dlibrary.jansi.path=C:\Users\HP\Downloads\apache-maven-3.9.9-bin\apache-maven-3.9.9\lib\jansi-native -Dmaven.multiModuleProjectDirectory=F:\financemanager\financemanager org.codehaus.plexus.classworlds.launcher.Launcher spring-boot:run

Host: AMD Ryzen 3 2200U with Radeon Vega Mobile Gfx  , 4 cores, 3G,  Windows 10 , 64 bit Build 19041 (10.0.19041.5915)
Time: Tue Aug  5 20:02:20 2025 India Standard Time elapsed time: 10.612246 seconds (0d 0h 0m 10s)

---------------  T H R E A D  ---------------

Current thread (0x00000211363e4ba0):  JavaThread "C2 CompilerThread0" daemon [_thread_in_native, id=18184, stack(0x00000068a1f00000,0x00000068a2000000) (1024K)]


Current CompileTask:
C2:  10612 4460   !   4       org.codehaus.plexus.interpolation.reflection.ReflectionValueExtractor::getPropertyValue (114 bytes)

Stack: [0x00000068a1f00000,0x00000068a2000000]
Native frames: (J=compiled Java code, j=interpreted, Vv=VM code, C=native code)
V  [jvm.dll+0x6c94f9]
V  [jvm.dll+0x8a3c21]
V  [jvm.dll+0x8a614e]
V  [jvm.dll+0x8a6823]
V  [jvm.dll+0x27fa86]
V  [jvm.dll+0xc4a2d]
V  [jvm.dll+0xc4f63]
V  [jvm.dll+0xc4b55]
V  [jvm.dll+0x6a52cc]
V  [jvm.dll+0x24f829]
V  [jvm.dll+0x6590c2]
V  [jvm.dll+0x657eff]
V  [jvm.dll+0x247e25]
V  [jvm.dll+0x24757f]
V  [jvm.dll+0x1c847e]
V  [jvm.dll+0x256db9]
V  [jvm.dll+0x25538a]
V  [jvm.dll+0x3ed0d6]
V  [jvm.dll+0x84cb3b]
V  [jvm.dll+0x6c7c2d]
C  [ucrtbase.dll+0x21bb2]
C  [KERNEL32.DLL+0x17374]
C  [ntdll.dll+0x4cc91]


---------------  P R O C E S S  ---------------

Threads class SMR info:
_java_thread_list=0x000002117cbc1650, length=12, elements={
0x00000211198438f0, 0x00000211363d1ff0, 0x00000211363d3be0, 0x00000211363d7bd0,
0x00000211363d8830, 0x00000211363dbda0, 0x00000211363e04a0, 0x00000211363e4ba0,
0x00000211363ea200, 0x0000021136663d10, 0x0000021136663680, 0x0000021136664a30
}

Java Threads: ( => current thread )
  0x00000211198438f0 JavaThread "main"                              [_thread_in_Java, id=3060, stack(0x00000068a1100000,0x00000068a1200000) (1024K)]
  0x00000211363d1ff0 JavaThread "Reference Handler"          daemon [_thread_blocked, id=17548, stack(0x00000068a1900000,0x00000068a1a00000) (1024K)]
  0x00000211363d3be0 JavaThread "Finalizer"                  daemon [_thread_blocked, id=9796, stack(0x00000068a1a00000,0x00000068a1b00000) (1024K)]
  0x00000211363d7bd0 JavaThread "Signal Dispatcher"          daemon [_thread_blocked, id=23716, stack(0x00000068a1b00000,0x00000068a1c00000) (1024K)]
  0x00000211363d8830 JavaThread "Attach Listener"            daemon [_thread_blocked, id=17636, stack(0x00000068a1c00000,0x00000068a1d00000) (1024K)]
  0x00000211363dbda0 JavaThread "Service Thread"             daemon [_thread_blocked, id=4860, stack(0x00000068a1d00000,0x00000068a1e00000) (1024K)]
  0x00000211363e04a0 JavaThread "Monitor Deflation Thread"   daemon [_thread_blocked, id=25620, stack(0x00000068a1e00000,0x00000068a1f00000) (1024K)]
=>0x00000211363e4ba0 JavaThread "C2 CompilerThread0"         daemon [_thread_in_native, id=18184, stack(0x00000068a1f00000,0x00000068a2000000) (1024K)]
  0x00000211363ea200 JavaThread "C1 CompilerThread0"         daemon [_thread_blocked, id=27100, stack(0x00000068a2000000,0x00000068a2100000) (1024K)]
  0x0000021136663d10 JavaThread "Notification Thread"        daemon [_thread_blocked, id=23256, stack(0x00000068a2100000,0x00000068a2200000) (1024K)]
  0x0000021136663680 JavaThread "Common-Cleaner"             daemon [_thread_blocked, id=30360, stack(0x00000068a2200000,0x00000068a2300000) (1024K)]
  0x0000021136664a30 JavaThread "Thread-1"                   daemon [_thread_blocked, id=23040, stack(0x00000068a2600000,0x00000068a2700000) (1024K)]
Total: 12

Other Threads:
  0x00000211198f3920 VMThread "VM Thread"                           [id=26140, stack(0x00000068a1800000,0x00000068a1900000) (1024K)]
  0x00000211363cd3f0 WatcherThread "VM Periodic Task Thread"        [id=4496, stack(0x00000068a1700000,0x00000068a1800000) (1024K)]
  0x000002111986f5c0 WorkerThread "GC Thread#0"                     [id=19592, stack(0x00000068a1200000,0x00000068a1300000) (1024K)]
  0x000002117c6f4e90 WorkerThread "GC Thread#1"                     [id=17328, stack(0x00000068a2300000,0x00000068a2400000) (1024K)]
  0x000002117c1604b0 WorkerThread "GC Thread#2"                     [id=12956, stack(0x00000068a2400000,0x00000068a2500000) (1024K)]
  0x000002117c6f5a50 WorkerThread "GC Thread#3"                     [id=28572, stack(0x00000068a2500000,0x00000068a2600000) (1024K)]
  0x0000021119877c30 ConcurrentGCThread "G1 Main Marker"            [id=32172, stack(0x00000068a1300000,0x00000068a1400000) (1024K)]
  0x0000021119878730 WorkerThread "G1 Conc#0"                       [id=17856, stack(0x00000068a1400000,0x00000068a1500000) (1024K)]
  0x00000211198cbbe0 ConcurrentGCThread "G1 Refine#0"               [id=2972, stack(0x00000068a1500000,0x00000068a1600000) (1024K)]
  0x00000211198cc750 ConcurrentGCThread "G1 Service"                [id=16068, stack(0x00000068a1600000,0x00000068a1700000) (1024K)]
Total: 10

Threads with active compile tasks:
C2 CompilerThread0    10673 4460   !   4       org.codehaus.plexus.interpolation.reflection.ReflectionValueExtractor::getPropertyValue (114 bytes)
Total: 1

VM state: not at safepoint (normal execution)

VM Mutex/Monitor currently owned by a thread: None

Heap address: 0x00000000c9600000, size: 874 MB, Compressed Oops mode: 32-bit

CDS archive(s) mapped at: [0x0000021137000000-0x0000021137c90000-0x0000021137c90000), size 13172736, SharedBaseAddress: 0x0000021137000000, ArchiveRelocationMode: 1.
Compressed class space mapped at: 0x0000021138000000-0x0000021178000000, reserved size: 1073741824
Narrow klass base: 0x0000021137000000, Narrow klass shift: 0, Narrow klass range: 0x100000000

GC Precious Log:
 CardTable entry size: 512
 Card Set container configuration: InlinePtr #cards 5 size 8 Array Of Cards #cards 12 size 40 Howl #buckets 4 coarsen threshold 1843 Howl Bitmap #cards 512 size 80 coarsen threshold 460 Card regions per heap region 1 cards per card region 2048
 CPUs: 4 total, 4 available
 Memory: 3491M
 Large Page Support: Disabled
 NUMA Support: Disabled
 Compressed Oops: Enabled (32-bit)
 Heap Region Size: 1M
 Heap Min Capacity: 8M
 Heap Initial Capacity: 56M
 Heap Max Capacity: 874M
 Pre-touch: Disabled
 Parallel Workers: 4
 Concurrent Workers: 1
 Concurrent Refinement Workers: 4
 Periodic GC: Disabled

Heap:
 garbage-first heap   total 83968K, used 53044K [0x00000000c9600000, 0x0000000100000000)
  region size 1024K, 8 young (8192K), 2 survivors (2048K)
 Metaspace       used 17571K, committed 17856K, reserved 1114112K
  class space    used 2018K, committed 2176K, reserved 1048576K

Heap Regions: E=young(eden), S=young(survivor), O=old, HS=humongous(starts), HC=humongous(continues), CS=collection set, F=free, TAMS=top-at-mark-start, PB=parsable bottom
|   0|0x00000000c9600000, 0x00000000c9700000, 0x00000000c9700000|100%| O|  |TAMS 0x00000000c9600000| PB 0x00000000c9600000| Untracked 
|   1|0x00000000c9700000, 0x00000000c9800000, 0x00000000c9800000|100%| O|  |TAMS 0x00000000c9700000| PB 0x00000000c9700000| Untracked 
|   2|0x00000000c9800000, 0x00000000c9900000, 0x00000000c9900000|100%| O|  |TAMS 0x00000000c9800000| PB 0x00000000c9800000| Untracked 
|   3|0x00000000c9900000, 0x00000000c9a00000, 0x00000000c9a00000|100%| O|  |TAMS 0x00000000c9900000| PB 0x00000000c9900000| Untracked 
|   4|0x00000000c9a00000, 0x00000000c9b00000, 0x00000000c9b00000|100%| O|  |TAMS 0x00000000c9a00000| PB 0x00000000c9a00000| Untracked 
|   5|0x00000000c9b00000, 0x00000000c9c00000, 0x00000000c9c00000|100%| O|  |TAMS 0x00000000c9b00000| PB 0x00000000c9b00000| Untracked 
|   6|0x00000000c9c00000, 0x00000000c9d00000, 0x00000000c9d00000|100%| O|  |TAMS 0x00000000c9c00000| PB 0x00000000c9c00000| Untracked 
|   7|0x00000000c9d00000, 0x00000000c9e00000, 0x00000000c9e00000|100%| O|  |TAMS 0x00000000c9d00000| PB 0x00000000c9d00000| Untracked 
|   8|0x00000000c9e00000, 0x00000000c9f00000, 0x00000000c9f00000|100%| O|  |TAMS 0x00000000c9e00000| PB 0x00000000c9e00000| Untracked 
|   9|0x00000000c9f00000, 0x00000000ca000000, 0x00000000ca000000|100%| O|  |TAMS 0x00000000c9f00000| PB 0x00000000c9f00000| Untracked 
|  10|0x00000000ca000000, 0x00000000ca100000, 0x00000000ca100000|100%| O|  |TAMS 0x00000000ca000000| PB 0x00000000ca000000| Untracked 
|  11|0x00000000ca100000, 0x00000000ca200000, 0x00000000ca200000|100%| O|  |TAMS 0x00000000ca100000| PB 0x00000000ca100000| Untracked 
|  12|0x00000000ca200000, 0x00000000ca300000, 0x00000000ca300000|100%| O|Cm|TAMS 0x00000000ca200000| PB 0x00000000ca200000| Complete 
|  13|0x00000000ca300000, 0x00000000ca400000, 0x00000000ca400000|100%|HS|  |TAMS 0x00000000ca300000| PB 0x00000000ca300000| Complete 
|  14|0x00000000ca400000, 0x00000000ca500000, 0x00000000ca500000|100%|HC|  |TAMS 0x00000000ca400000| PB 0x00000000ca400000| Complete 
|  15|0x00000000ca500000, 0x00000000ca600000, 0x00000000ca600000|100%|HC|  |TAMS 0x00000000ca500000| PB 0x00000000ca500000| Complete 
|  16|0x00000000ca600000, 0x00000000ca700000, 0x00000000ca700000|100%|HC|  |TAMS 0x00000000ca600000| PB 0x00000000ca600000| Complete 
|  17|0x00000000ca700000, 0x00000000ca800000, 0x00000000ca800000|100%|HC|  |TAMS 0x00000000ca700000| PB 0x00000000ca700000| Complete 
|  18|0x00000000ca800000, 0x00000000ca900000, 0x00000000ca900000|100%|HC|  |TAMS 0x00000000ca800000| PB 0x00000000ca800000| Complete 
|  19|0x00000000ca900000, 0x00000000caa00000, 0x00000000caa00000|100%|HC|  |TAMS 0x00000000ca900000| PB 0x00000000ca900000| Complete 
|  20|0x00000000caa00000, 0x00000000cab00000, 0x00000000cab00000|100%|HC|  |TAMS 0x00000000caa00000| PB 0x00000000caa00000| Complete 
|  21|0x00000000cab00000, 0x00000000cac00000, 0x00000000cac00000|100%|HS|  |TAMS 0x00000000cab00000| PB 0x00000000cab00000| Complete 
|  22|0x00000000cac00000, 0x00000000cad00000, 0x00000000cad00000|100%|HC|  |TAMS 0x00000000cac00000| PB 0x00000000cac00000| Complete 
|  23|0x00000000cad00000, 0x00000000cae00000, 0x00000000cae00000|100%|HC|  |TAMS 0x00000000cad00000| PB 0x00000000cad00000| Complete 
|  24|0x00000000cae00000, 0x00000000caf00000, 0x00000000caf00000|100%|HC|  |TAMS 0x00000000cae00000| PB 0x00000000cae00000| Complete 
|  25|0x00000000caf00000, 0x00000000cb000000, 0x00000000cb000000|100%|HC|  |TAMS 0x00000000caf00000| PB 0x00000000caf00000| Complete 
|  26|0x00000000cb000000, 0x00000000cb100000, 0x00000000cb100000|100%|HC|  |TAMS 0x00000000cb000000| PB 0x00000000cb000000| Complete 
|  27|0x00000000cb100000, 0x00000000cb200000, 0x00000000cb200000|100%|HC|  |TAMS 0x00000000cb100000| PB 0x00000000cb100000| Complete 
|  28|0x00000000cb200000, 0x00000000cb300000, 0x00000000cb300000|100%|HC|  |TAMS 0x00000000cb200000| PB 0x00000000cb200000| Complete 
|  29|0x00000000cb300000, 0x00000000cb400000, 0x00000000cb400000|100%|HC|  |TAMS 0x00000000cb300000| PB 0x00000000cb300000| Complete 
|  30|0x00000000cb400000, 0x00000000cb500000, 0x00000000cb500000|100%|HC|  |TAMS 0x00000000cb400000| PB 0x00000000cb400000| Complete 
|  31|0x00000000cb500000, 0x00000000cb600000, 0x00000000cb600000|100%|HC|  |TAMS 0x00000000cb500000| PB 0x00000000cb500000| Complete 
|  32|0x00000000cb600000, 0x00000000cb700000, 0x00000000cb700000|100%|HC|  |TAMS 0x00000000cb600000| PB 0x00000000cb600000| Complete 
|  33|0x00000000cb700000, 0x00000000cb79b130, 0x00000000cb800000| 60%| O|  |TAMS 0x00000000cb700000| PB 0x00000000cb700000| Untracked 
|  34|0x00000000cb800000, 0x00000000cb900000, 0x00000000cb900000|100%|HS|  |TAMS 0x00000000cb800000| PB 0x00000000cb800000| Complete 
|  35|0x00000000cb900000, 0x00000000cba00000, 0x00000000cba00000|100%|HC|  |TAMS 0x00000000cb900000| PB 0x00000000cb900000| Complete 
|  36|0x00000000cba00000, 0x00000000cbb00000, 0x00000000cbb00000|100%|HC|  |TAMS 0x00000000cba00000| PB 0x00000000cba00000| Complete 
|  37|0x00000000cbb00000, 0x00000000cbc00000, 0x00000000cbc00000|100%|HC|  |TAMS 0x00000000cbb00000| PB 0x00000000cbb00000| Complete 
|  38|0x00000000cbc00000, 0x00000000cbd00000, 0x00000000cbd00000|100%|HC|  |TAMS 0x00000000cbc00000| PB 0x00000000cbc00000| Complete 
|  39|0x00000000cbd00000, 0x00000000cbe00000, 0x00000000cbe00000|100%|HC|  |TAMS 0x00000000cbd00000| PB 0x00000000cbd00000| Complete 
|  40|0x00000000cbe00000, 0x00000000cbf00000, 0x00000000cbf00000|100%|HC|  |TAMS 0x00000000cbe00000| PB 0x00000000cbe00000| Complete 
|  41|0x00000000cbf00000, 0x00000000cc000000, 0x00000000cc000000|100%|HC|  |TAMS 0x00000000cbf00000| PB 0x00000000cbf00000| Complete 
|  42|0x00000000cc000000, 0x00000000cc100000, 0x00000000cc100000|100%|HC|  |TAMS 0x00000000cc000000| PB 0x00000000cc000000| Complete 
|  43|0x00000000cc100000, 0x00000000cc200000, 0x00000000cc200000|100%|HC|  |TAMS 0x00000000cc100000| PB 0x00000000cc100000| Complete 
|  44|0x00000000cc200000, 0x00000000cc300000, 0x00000000cc300000|100%|HC|  |TAMS 0x00000000cc200000| PB 0x00000000cc200000| Complete 
|  45|0x00000000cc300000, 0x00000000cc400000, 0x00000000cc400000|100%|HC|  |TAMS 0x00000000cc300000| PB 0x00000000cc300000| Complete 
|  46|0x00000000cc400000, 0x00000000cc400000, 0x00000000cc500000|  0%| F|  |TAMS 0x00000000cc400000| PB 0x00000000cc400000| Untracked 
|  47|0x00000000cc500000, 0x00000000cc500000, 0x00000000cc600000|  0%| F|  |TAMS 0x00000000cc500000| PB 0x00000000cc500000| Untracked 
|  48|0x00000000cc600000, 0x00000000cc600000, 0x00000000cc700000|  0%| F|  |TAMS 0x00000000cc600000| PB 0x00000000cc600000| Untracked 
|  49|0x00000000cc700000, 0x00000000cc700000, 0x00000000cc800000|  0%| F|  |TAMS 0x00000000cc700000| PB 0x00000000cc700000| Untracked 
|  50|0x00000000cc800000, 0x00000000cc800000, 0x00000000cc900000|  0%| F|  |TAMS 0x00000000cc800000| PB 0x00000000cc800000| Untracked 
|  51|0x00000000cc900000, 0x00000000cc900000, 0x00000000cca00000|  0%| F|  |TAMS 0x00000000cc900000| PB 0x00000000cc900000| Untracked 
|  52|0x00000000cca00000, 0x00000000cca00000, 0x00000000ccb00000|  0%| F|  |TAMS 0x00000000cca00000| PB 0x00000000cca00000| Untracked 
|  53|0x00000000ccb00000, 0x00000000ccb32110, 0x00000000ccc00000| 19%| S|CS|TAMS 0x00000000ccb00000| PB 0x00000000ccb00000| Complete 
|  54|0x00000000ccc00000, 0x00000000ccd00000, 0x00000000ccd00000|100%| S|CS|TAMS 0x00000000ccc00000| PB 0x00000000ccc00000| Complete 
|  55|0x00000000ccd00000, 0x00000000cce00000, 0x00000000cce00000|100%| E|CS|TAMS 0x00000000ccd00000| PB 0x00000000ccd00000| Complete 
|  56|0x00000000cce00000, 0x00000000cce00000, 0x00000000ccf00000|  0%| F|  |TAMS 0x00000000cce00000| PB 0x00000000cce00000| Untracked 
|  57|0x00000000ccf00000, 0x00000000ccf00000, 0x00000000cd000000|  0%| F|  |TAMS 0x00000000ccf00000| PB 0x00000000ccf00000| Untracked 
|  58|0x00000000cd000000, 0x00000000cd000000, 0x00000000cd100000|  0%| F|  |TAMS 0x00000000cd000000| PB 0x00000000cd000000| Untracked 
|  59|0x00000000cd100000, 0x00000000cd100000, 0x00000000cd200000|  0%| F|  |TAMS 0x00000000cd100000| PB 0x00000000cd100000| Untracked 
|  60|0x00000000cd200000, 0x00000000cd200000, 0x00000000cd300000|  0%| F|  |TAMS 0x00000000cd200000| PB 0x00000000cd200000| Untracked 
|  61|0x00000000cd300000, 0x00000000cd300000, 0x00000000cd400000|  0%| F|  |TAMS 0x00000000cd300000| PB 0x00000000cd300000| Untracked 
|  62|0x00000000cd400000, 0x00000000cd400000, 0x00000000cd500000|  0%| F|  |TAMS 0x00000000cd400000| PB 0x00000000cd400000| Untracked 
|  63|0x00000000cd500000, 0x00000000cd500000, 0x00000000cd600000|  0%| F|  |TAMS 0x00000000cd500000| PB 0x00000000cd500000| Untracked 
|  64|0x00000000cd600000, 0x00000000cd600000, 0x00000000cd700000|  0%| F|  |TAMS 0x00000000cd600000| PB 0x00000000cd600000| Untracked 
|  65|0x00000000cd700000, 0x00000000cd700000, 0x00000000cd800000|  0%| F|  |TAMS 0x00000000cd700000| PB 0x00000000cd700000| Untracked 
|  66|0x00000000cd800000, 0x00000000cd800000, 0x00000000cd900000|  0%| F|  |TAMS 0x00000000cd800000| PB 0x00000000cd800000| Untracked 
|  67|0x00000000cd900000, 0x00000000cd900000, 0x00000000cda00000|  0%| F|  |TAMS 0x00000000cd900000| PB 0x00000000cd900000| Untracked 
|  68|0x00000000cda00000, 0x00000000cda00000, 0x00000000cdb00000|  0%| F|  |TAMS 0x00000000cda00000| PB 0x00000000cda00000| Untracked 
|  69|0x00000000cdb00000, 0x00000000cdb00000, 0x00000000cdc00000|  0%| F|  |TAMS 0x00000000cdb00000| PB 0x00000000cdb00000| Untracked 
|  70|0x00000000cdc00000, 0x00000000cdc00000, 0x00000000cdd00000|  0%| F|  |TAMS 0x00000000cdc00000| PB 0x00000000cdc00000| Untracked 
|  71|0x00000000cdd00000, 0x00000000cdd00000, 0x00000000cde00000|  0%| F|  |TAMS 0x00000000cdd00000| PB 0x00000000cdd00000| Untracked 
|  72|0x00000000cde00000, 0x00000000cde00000, 0x00000000cdf00000|  0%| F|  |TAMS 0x00000000cde00000| PB 0x00000000cde00000| Untracked 
|  73|0x00000000cdf00000, 0x00000000cdf00000, 0x00000000ce000000|  0%| F|  |TAMS 0x00000000cdf00000| PB 0x00000000cdf00000| Untracked 
|  74|0x00000000ce000000, 0x00000000ce000000, 0x00000000ce100000|  0%| F|  |TAMS 0x00000000ce000000| PB 0x00000000ce000000| Untracked 
|  75|0x00000000ce100000, 0x00000000ce100000, 0x00000000ce200000|  0%| F|  |TAMS 0x00000000ce100000| PB 0x00000000ce100000| Untracked 
|  76|0x00000000ce200000, 0x00000000ce200000, 0x00000000ce300000|  0%| F|  |TAMS 0x00000000ce200000| PB 0x00000000ce200000| Untracked 
|  77|0x00000000ce300000, 0x00000000ce3fa940, 0x00000000ce400000| 97%| E|  |TAMS 0x00000000ce300000| PB 0x00000000ce300000| Complete 
|  78|0x00000000ce400000, 0x00000000ce500000, 0x00000000ce500000|100%| E|CS|TAMS 0x00000000ce400000| PB 0x00000000ce400000| Complete 
|  79|0x00000000ce500000, 0x00000000ce600000, 0x00000000ce600000|100%| E|CS|TAMS 0x00000000ce500000| PB 0x00000000ce500000| Complete 
|  80|0x00000000ce600000, 0x00000000ce700000, 0x00000000ce700000|100%| E|CS|TAMS 0x00000000ce600000| PB 0x00000000ce600000| Complete 
|  81|0x00000000ce700000, 0x00000000ce800000, 0x00000000ce800000|100%| E|CS|TAMS 0x00000000ce700000| PB 0x00000000ce700000| Complete 

Card table byte_map: [0x0000021132f00000,0x00000211330c0000] _byte_map_base: 0x00000211328b5000

Marking Bits: (CMBitMap*) 0x000002111986fcc0
 Bits: [0x00000211330c0000, 0x0000021133e68000)

Polling page: 0x00000211196e0000

Metaspace:

Usage:
  Non-class:     15.19 MB used.
      Class:      1.97 MB used.
       Both:     17.16 MB used.

Virtual space:
  Non-class space:       64.00 MB reserved,      15.31 MB ( 24%) committed,  1 nodes.
      Class space:        1.00 GB reserved,       2.12 MB ( <1%) committed,  1 nodes.
             Both:        1.06 GB reserved,      17.44 MB (  2%) committed. 

Chunk freelists:
   Non-Class:  640.00 KB
       Class:  13.78 MB
        Both:  14.41 MB

MaxMetaspaceSize: unlimited
CompressedClassSpaceSize: 1.00 GB
Initial GC threshold: 21.00 MB
Current GC threshold: 29.06 MB
CDS: on
 - commit_granule_bytes: 65536.
 - commit_granule_words: 8192.
 - virtual_space_node_default_size: 8388608.
 - enlarge_chunks_in_place: 1.
 - use_allocation_guard: 0.


Internal statistics:

num_allocs_failed_limit: 0.
num_arena_births: 192.
num_arena_deaths: 0.
num_vsnodes_births: 2.
num_vsnodes_deaths: 0.
num_space_committed: 279.
num_space_uncommitted: 0.
num_chunks_returned_to_freelist: 0.
num_chunks_taken_from_freelist: 790.
num_chunk_merges: 0.
num_chunk_splits: 548.
num_chunks_enlarged: 442.
num_inconsistent_stats: 0.

CodeHeap 'non-profiled nmethods': size=120000Kb used=2026Kb max_used=2026Kb free=117974Kb
 bounds [0x000002112b1f0000, 0x000002112b460000, 0x0000021132720000]
CodeHeap 'profiled nmethods': size=120000Kb used=9456Kb max_used=9456Kb free=110543Kb
 bounds [0x0000021123720000, 0x0000021124060000, 0x000002112ac50000]
CodeHeap 'non-nmethods': size=5760Kb used=1419Kb max_used=1450Kb free=4340Kb
 bounds [0x000002112ac50000, 0x000002112aec0000, 0x000002112b1f0000]
 total_blobs=5000 nmethods=4490 adapters=414
 compilation: enabled
              stopped_count=0, restarted_count=0
 full_count=0

Compilation events (20 events):
Event: 10.391 Thread 0x00000211363ea200 nmethod 4448 0x000002112b3e6990 code [0x000002112b3e6b20, 0x000002112b3e6be8]
Event: 10.404 Thread 0x00000211363e4ba0 4457       4       org.eclipse.sisu.inject.LazyBeanEntry::getValue (10 bytes)
Event: 10.417 Thread 0x00000211363ea200 4458       3       org.apache.maven.model.Organization::getLocation (147 bytes)
Event: 10.418 Thread 0x00000211363ea200 nmethod 4458 0x000002112403d910 code [0x000002112403db80, 0x000002112403e790]
Event: 10.419 Thread 0x00000211363ea200 4459       3       org.apache.maven.model.PluginManagement::<init> (5 bytes)
Event: 10.419 Thread 0x00000211363ea200 nmethod 4459 0x000002112403e990 code [0x000002112403eb40, 0x000002112403ed08]
Event: 10.439 Thread 0x00000211363e4ba0 nmethod 4457 0x000002112b3e6c90 code [0x000002112b3e6f60, 0x000002112b3e83b8]
Event: 10.439 Thread 0x00000211363e4ba0 4460   !   4       org.codehaus.plexus.interpolation.reflection.ReflectionValueExtractor::getPropertyValue (114 bytes)
Event: 10.489 Thread 0x00000211363ea200 4462       3       java.nio.charset.CharsetDecoder::<init> (100 bytes)
Event: 10.489 Thread 0x00000211363ea200 nmethod 4462 0x000002112403ee10 code [0x000002112403f020, 0x000002112403f6c8]
Event: 10.528 Thread 0x00000211363ea200 4466       3       org.apache.maven.model.io.xpp3.MavenXpp3Reader::parseContributor (482 bytes)
Event: 10.534 Thread 0x00000211363ea200 nmethod 4466 0x000002112403f890 code [0x000002112403ffc0, 0x0000021124043a18]
Event: 10.534 Thread 0x00000211363ea200 4467       3       org.slf4j.impl.MavenSimpleLoggerFactory::getLogger (57 bytes)
Event: 10.535 Thread 0x00000211363ea200 nmethod 4467 0x0000021124044e90 code [0x00000211240450a0, 0x0000021124045728]
Event: 10.552 Thread 0x00000211363ea200 4468       3       java.io.InputStreamReader::lockFor (24 bytes)
Event: 10.553 Thread 0x00000211363ea200 nmethod 4468 0x0000021124045910 code [0x0000021124045b20, 0x0000021124046288]
Event: 10.553 Thread 0x00000211363ea200 4469       3       java.nio.charset.CharsetDecoder::implReplaceWith (1 bytes)
Event: 10.553 Thread 0x00000211363ea200 nmethod 4469 0x0000021124046510 code [0x00000211240466a0, 0x00000211240467a8]
Event: 10.553 Thread 0x00000211363ea200 4470       3       sun.nio.cs.StreamDecoder::<init> (52 bytes)
Event: 10.554 Thread 0x00000211363ea200 nmethod 4470 0x0000021124046810 code [0x0000021124046a20, 0x0000021124047050]

GC Heap History (16 events):
Event: 1.980 GC heap before
{Heap before GC invocations=0 (full 0):
 garbage-first heap   total 57344K, used 13312K [0x00000000c9600000, 0x0000000100000000)
  region size 1024K, 13 young (13312K), 0 survivors (0K)
 Metaspace       used 3791K, committed 4032K, reserved 1114112K
  class space    used 396K, committed 512K, reserved 1048576K
}
Event: 1.990 GC heap after
{Heap after GC invocations=1 (full 0):
 garbage-first heap   total 57344K, used 3232K [0x00000000c9600000, 0x0000000100000000)
  region size 1024K, 2 young (2048K), 2 survivors (2048K)
 Metaspace       used 3791K, committed 4032K, reserved 1114112K
  class space    used 396K, committed 512K, reserved 1048576K
}
Event: 2.743 GC heap before
{Heap before GC invocations=1 (full 0):
 garbage-first heap   total 57344K, used 16544K [0x00000000c9600000, 0x0000000100000000)
  region size 1024K, 16 young (16384K), 2 survivors (2048K)
 Metaspace       used 6044K, committed 6272K, reserved 1114112K
  class space    used 705K, committed 832K, reserved 1048576K
}
Event: 2.750 GC heap after
{Heap after GC invocations=2 (full 0):
 garbage-first heap   total 57344K, used 4396K [0x00000000c9600000, 0x0000000100000000)
  region size 1024K, 1 young (1024K), 1 survivors (1024K)
 Metaspace       used 6044K, committed 6272K, reserved 1114112K
  class space    used 705K, committed 832K, reserved 1048576K
}
Event: 4.745 GC heap before
{Heap before GC invocations=2 (full 0):
 garbage-first heap   total 57344K, used 36140K [0x00000000c9600000, 0x0000000100000000)
  region size 1024K, 33 young (33792K), 1 survivors (1024K)
 Metaspace       used 11465K, committed 11712K, reserved 1114112K
  class space    used 1370K, committed 1472K, reserved 1048576K
}
Event: 4.753 GC heap after
{Heap after GC invocations=3 (full 0):
 garbage-first heap   total 57344K, used 6471K [0x00000000c9600000, 0x0000000100000000)
  region size 1024K, 3 young (3072K), 3 survivors (3072K)
 Metaspace       used 11465K, committed 11712K, reserved 1114112K
  class space    used 1370K, committed 1472K, reserved 1048576K
}
Event: 6.849 GC heap before
{Heap before GC invocations=3 (full 0):
 garbage-first heap   total 57344K, used 37191K [0x00000000c9600000, 0x0000000100000000)
  region size 1024K, 33 young (33792K), 3 survivors (3072K)
 Metaspace       used 15323K, committed 15552K, reserved 1114112K
  class space    used 1811K, committed 1920K, reserved 1048576K
}
Event: 6.868 GC heap after
{Heap after GC invocations=4 (full 0):
 garbage-first heap   total 57344K, used 9888K [0x00000000c9600000, 0x0000000100000000)
  region size 1024K, 5 young (5120K), 5 survivors (5120K)
 Metaspace       used 15323K, committed 15552K, reserved 1114112K
  class space    used 1811K, committed 1920K, reserved 1048576K
}
Event: 8.629 GC heap before
{Heap before GC invocations=4 (full 0):
 garbage-first heap   total 57344K, used 38560K [0x00000000c9600000, 0x0000000100000000)
  region size 1024K, 33 young (33792K), 5 survivors (5120K)
 Metaspace       used 16053K, committed 16384K, reserved 1114112K
  class space    used 1878K, committed 1984K, reserved 1048576K
}
Event: 8.653 GC heap after
{Heap after GC invocations=5 (full 0):
 garbage-first heap   total 57344K, used 13401K [0x00000000c9600000, 0x0000000100000000)
  region size 1024K, 4 young (4096K), 4 survivors (4096K)
 Metaspace       used 16053K, committed 16384K, reserved 1114112K
  class space    used 1878K, committed 1984K, reserved 1048576K
}
Event: 9.870 GC heap before
{Heap before GC invocations=5 (full 0):
 garbage-first heap   total 57344K, used 43097K [0x00000000c9600000, 0x0000000100000000)
  region size 1024K, 33 young (33792K), 4 survivors (4096K)
 Metaspace       used 16557K, committed 16768K, reserved 1114112K
  class space    used 1897K, committed 1984K, reserved 1048576K
}
Event: 9.879 GC heap after
{Heap after GC invocations=6 (full 0):
 garbage-first heap   total 57344K, used 14381K [0x00000000c9600000, 0x0000000100000000)
  region size 1024K, 2 young (2048K), 2 survivors (2048K)
 Metaspace       used 16557K, committed 16768K, reserved 1114112K
  class space    used 1897K, committed 1984K, reserved 1048576K
}
Event: 10.254 GC heap before
{Heap before GC invocations=6 (full 0):
 garbage-first heap   total 57344K, used 30765K [0x00000000c9600000, 0x0000000100000000)
  region size 1024K, 11 young (11264K), 2 survivors (2048K)
 Metaspace       used 17512K, committed 17856K, reserved 1114112K
  class space    used 2012K, committed 2176K, reserved 1048576K
}
Event: 10.260 GC heap after
{Heap after GC invocations=7 (full 0):
 garbage-first heap   total 57344K, used 23097K [0x00000000c9600000, 0x0000000100000000)
  region size 1024K, 3 young (3072K), 3 survivors (3072K)
 Metaspace       used 17512K, committed 17856K, reserved 1114112K
  class space    used 2012K, committed 2176K, reserved 1048576K
}
Event: 10.269 GC heap before
{Heap before GC invocations=7 (full 0):
 garbage-first heap   total 57344K, used 35385K [0x00000000c9600000, 0x0000000100000000)
  region size 1024K, 4 young (4096K), 3 survivors (3072K)
 Metaspace       used 17514K, committed 17856K, reserved 1114112K
  class space    used 2012K, committed 2176K, reserved 1048576K
}
Event: 10.274 GC heap after
{Heap after GC invocations=8 (full 0):
 garbage-first heap   total 57344K, used 35636K [0x00000000c9600000, 0x0000000100000000)
  region size 1024K, 2 young (2048K), 2 survivors (2048K)
 Metaspace       used 17514K, committed 17856K, reserved 1114112K
  class space    used 2012K, committed 2176K, reserved 1048576K
}

Dll operation events (8 events):
Event: 0.049 Loaded shared library C:\Program Files\Eclipse Adoptium\jdk-21.0.2.13-hotspot\bin\java.dll
Event: 0.196 Loaded shared library C:\Program Files\Eclipse Adoptium\jdk-21.0.2.13-hotspot\bin\jsvml.dll
Event: 0.229 Loaded shared library C:\Program Files\Eclipse Adoptium\jdk-21.0.2.13-hotspot\bin\net.dll
Event: 0.237 Loaded shared library C:\Program Files\Eclipse Adoptium\jdk-21.0.2.13-hotspot\bin\nio.dll
Event: 0.244 Loaded shared library C:\Program Files\Eclipse Adoptium\jdk-21.0.2.13-hotspot\bin\zip.dll
Event: 0.503 Loaded shared library C:\Program Files\Eclipse Adoptium\jdk-21.0.2.13-hotspot\bin\jimage.dll
Event: 0.508 Loaded shared library C:\Users\HP\Downloads\apache-maven-3.9.9-bin\apache-maven-3.9.9\lib\jansi-native\Windows\x86_64\jansi.dll
Event: 0.608 Loaded shared library C:\Program Files\Eclipse Adoptium\jdk-21.0.2.13-hotspot\bin\verify.dll

Deoptimization events (20 events):
Event: 10.018 Thread 0x00000211198438f0 DEOPT PACKING pc=0x000002112b2de2c0 sp=0x00000068a11fce80
Event: 10.018 Thread 0x00000211198438f0 DEOPT UNPACKING pc=0x000002112aca46a2 sp=0x00000068a11fcd68 mode 2
Event: 10.051 Thread 0x00000211198438f0 Uncommon trap: trap_request=0xffffffc6 fr.pc=0x000002112b2d0050 relative=0x0000000000000090
Event: 10.051 Thread 0x00000211198438f0 Uncommon trap: reason=bimorphic_or_optimized_type_check action=maybe_recompile pc=0x000002112b2d0050 method=com.google.inject.internal.LinkedBindingImpl.acceptTargetVisitor(Lcom/google/inject/spi/BindingTargetVisitor;)Ljava/lang/Object; @ 2 c2
Event: 10.051 Thread 0x00000211198438f0 DEOPT PACKING pc=0x000002112b2d0050 sp=0x00000068a11fd340
Event: 10.051 Thread 0x00000211198438f0 DEOPT UNPACKING pc=0x000002112aca46a2 sp=0x00000068a11fd2c8 mode 2
Event: 10.052 Thread 0x00000211198438f0 Uncommon trap: trap_request=0xffffffc6 fr.pc=0x000002112b2d0050 relative=0x0000000000000090
Event: 10.052 Thread 0x00000211198438f0 Uncommon trap: reason=bimorphic_or_optimized_type_check action=maybe_recompile pc=0x000002112b2d0050 method=com.google.inject.internal.LinkedBindingImpl.acceptTargetVisitor(Lcom/google/inject/spi/BindingTargetVisitor;)Ljava/lang/Object; @ 2 c2
Event: 10.052 Thread 0x00000211198438f0 DEOPT PACKING pc=0x000002112b2d0050 sp=0x00000068a11fd340
Event: 10.052 Thread 0x00000211198438f0 DEOPT UNPACKING pc=0x000002112aca46a2 sp=0x00000068a11fd2c8 mode 2
Event: 10.073 Thread 0x00000211198438f0 Uncommon trap: trap_request=0xffffffc6 fr.pc=0x000002112b2d0050 relative=0x0000000000000090
Event: 10.073 Thread 0x00000211198438f0 Uncommon trap: reason=bimorphic_or_optimized_type_check action=maybe_recompile pc=0x000002112b2d0050 method=com.google.inject.internal.LinkedBindingImpl.acceptTargetVisitor(Lcom/google/inject/spi/BindingTargetVisitor;)Ljava/lang/Object; @ 2 c2
Event: 10.073 Thread 0x00000211198438f0 DEOPT PACKING pc=0x000002112b2d0050 sp=0x00000068a11fd340
Event: 10.073 Thread 0x00000211198438f0 DEOPT UNPACKING pc=0x000002112aca46a2 sp=0x00000068a11fd2c8 mode 2
Event: 10.074 Thread 0x00000211198438f0 Uncommon trap: trap_request=0xffffffc6 fr.pc=0x000002112b2d0050 relative=0x0000000000000090
Event: 10.074 Thread 0x00000211198438f0 Uncommon trap: reason=bimorphic_or_optimized_type_check action=maybe_recompile pc=0x000002112b2d0050 method=com.google.inject.internal.LinkedBindingImpl.acceptTargetVisitor(Lcom/google/inject/spi/BindingTargetVisitor;)Ljava/lang/Object; @ 2 c2
Event: 10.074 Thread 0x00000211198438f0 DEOPT PACKING pc=0x000002112b2d0050 sp=0x00000068a11fd340
Event: 10.074 Thread 0x00000211198438f0 DEOPT UNPACKING pc=0x000002112aca46a2 sp=0x00000068a11fd2c8 mode 2
Event: 10.228 Thread 0x00000211198438f0 DEOPT PACKING pc=0x0000021123ff0a9a sp=0x00000068a11fc5f0
Event: 10.228 Thread 0x00000211198438f0 DEOPT UNPACKING pc=0x000002112aca4e42 sp=0x00000068a11fba88 mode 0

Classes loaded (20 events):
Event: 10.168 Loading class java/time/zone/Ser
Event: 10.168 Loading class java/io/Externalizable
Event: 10.169 Loading class java/io/Externalizable done
Event: 10.169 Loading class java/time/zone/Ser done
Event: 10.169 Loading class java/time/zone/ZoneOffsetTransition
Event: 10.170 Loading class java/time/zone/ZoneOffsetTransition done
Event: 10.177 Loading class jdk/internal/reflect/MethodHandleBooleanFieldAccessorImpl
Event: 10.178 Loading class jdk/internal/reflect/MethodHandleBooleanFieldAccessorImpl done
Event: 10.201 Loading class java/lang/Character$UnicodeBlock
Event: 10.202 Loading class java/lang/Character$Subset
Event: 10.203 Loading class java/lang/Character$Subset done
Event: 10.204 Loading class java/lang/Character$UnicodeBlock done
Event: 10.238 Loading class java/nio/file/NoSuchFileException
Event: 10.238 Loading class java/nio/file/NoSuchFileException done
Event: 10.246 Loading class sun/nio/cs/UTF_8$Encoder
Event: 10.247 Loading class sun/nio/cs/UTF_8$Encoder done
Event: 10.381 Loading class java/nio/BufferMismatch
Event: 10.382 Loading class java/nio/BufferMismatch done
Event: 10.383 Loading class java/nio/file/attribute/PosixFileAttributes
Event: 10.383 Loading class java/nio/file/attribute/PosixFileAttributes done

Classes unloaded (0 events):
No events

Classes redefined (0 events):
No events

Internal exceptions (20 events):
Event: 5.003 Thread 0x00000211198438f0 Exception <a 'java/lang/NoSuchMethodError'{0x00000000cc714fa0}: 'void java.lang.invoke.Invokers$Holder.invokeExact_MT(java.lang.Object, java.lang.Object, java.lang.Object, java.lang.Object)'> (0x00000000cc714fa0) 
thrown [s\src\hotspot\share\interpreter\linkResolver.cpp, line 773]
Event: 5.035 Thread 0x00000211198438f0 Exception <a 'java/lang/NoClassDefFoundError'{0x00000000cc7a0d90}: com/google/inject/servlet/ServletModuleTargetVisitor> (0x00000000cc7a0d90) 
thrown [s\src\hotspot\share\classfile\systemDictionary.cpp, line 301]
Event: 5.138 Thread 0x00000211198438f0 Exception <a 'java/lang/NoSuchMethodError'{0x00000000cc562fa0}: 'void java.lang.invoke.DirectMethodHandle$Holder.invokeVirtual(java.lang.Object, java.lang.Object)'> (0x00000000cc562fa0) 
thrown [s\src\hotspot\share\interpreter\linkResolver.cpp, line 773]
Event: 5.206 Thread 0x00000211198438f0 Exception <a 'java/lang/NoSuchMethodError'{0x00000000cc5e21d0}: 'java.lang.Object java.lang.invoke.DirectMethodHandle$Holder.invokeStaticInit(java.lang.Object, int, int, int, int)'> (0x00000000cc5e21d0) 
thrown [s\src\hotspot\share\interpreter\linkResolver.cpp, line 773]
Event: 6.019 Thread 0x00000211198438f0 Implicit null exception at 0x000002112b22c224 to 0x000002112b22c87c
Event: 6.019 Thread 0x00000211198438f0 Implicit null exception at 0x000002112b2304a0 to 0x000002112b230aec
Event: 6.093 Thread 0x00000211198438f0 Exception <a 'java/lang/NoSuchMethodError'{0x00000000cbf159f0}: 'void java.lang.invoke.DirectMethodHandle$Holder.invokeSpecial(java.lang.Object, java.lang.Object, java.lang.Object, java.lang.Object, java.lang.Object)'> (0x00000000cbf159f0) 
thrown [s\src\hotspot\share\interpreter\linkResolver.cpp, line 773]
Event: 6.096 Thread 0x00000211198438f0 Exception <a 'java/lang/NoSuchMethodError'{0x00000000cbf2b8d0}: 'void java.lang.invoke.DirectMethodHandle$Holder.invokeSpecial(java.lang.Object, java.lang.Object, java.lang.Object, java.lang.Object, java.lang.Object, java.lang.Object)'> (0x00000000cbf2b8d0) 
thrown [s\src\hotspot\share\interpreter\linkResolver.cpp, line 773]
Event: 6.127 Thread 0x00000211198438f0 Exception <a 'java/lang/NoSuchMethodError'{0x00000000cbe3a958}: 'java.lang.Object java.lang.invoke.DirectMethodHandle$Holder.invokeVirtual(java.lang.Object, java.lang.Object, java.lang.Object)'> (0x00000000cbe3a958) 
thrown [s\src\hotspot\share\interpreter\linkResolver.cpp, line 773]
Event: 6.207 Thread 0x00000211198438f0 Exception <a 'java/lang/NoSuchMethodError'{0x00000000cbc0e350}: 'void java.lang.invoke.DirectMethodHandle$Holder.invokeVirtual(java.lang.Object, java.lang.Object, int)'> (0x00000000cbc0e350) 
thrown [s\src\hotspot\share\interpreter\linkResolver.cpp, line 773]
Event: 6.208 Thread 0x00000211198438f0 Exception <a 'java/lang/NoSuchMethodError'{0x00000000cbc120f0}: 'void java.lang.invoke.DirectMethodHandle$Holder.invokeSpecial(java.lang.Object, java.lang.Object, java.lang.Object, int)'> (0x00000000cbc120f0) 
thrown [s\src\hotspot\share\interpreter\linkResolver.cpp, line 773]
Event: 6.208 Thread 0x00000211198438f0 Exception <a 'java/lang/NoSuchMethodError'{0x00000000cbc157b0}: 'void java.lang.invoke.DelegatingMethodHandle$Holder.reinvoke_L(java.lang.Object, java.lang.Object, int)'> (0x00000000cbc157b0) 
thrown [s\src\hotspot\share\interpreter\linkResolver.cpp, line 773]
Event: 7.182 Thread 0x00000211198438f0 Implicit null exception at 0x000002112b3292b3 to 0x000002112b32a618
Event: 7.182 Thread 0x00000211198438f0 Implicit null exception at 0x000002112b298c1a to 0x000002112b298e24
Event: 7.182 Thread 0x00000211198438f0 Implicit null exception at 0x000002112b2f738d to 0x000002112b2f7bf8
Event: 7.193 Thread 0x00000211198438f0 Exception <a 'java/lang/NoSuchMethodError'{0x00000000cc389a80}: 'int java.lang.invoke.DirectMethodHandle$Holder.invokeSpecialIFC(java.lang.Object, java.lang.Object, java.lang.Object, java.lang.Object)'> (0x00000000cc389a80) 
thrown [s\src\hotspot\share\interpreter\linkResolver.cpp, line 773]
Event: 9.455 Thread 0x00000211198438f0 Implicit null exception at 0x000002112b27bd3d to 0x000002112b27bdc1
Event: 9.742 Thread 0x00000211198438f0 Exception <a 'java/lang/NoSuchMethodError'{0x00000000cb439290}: 'java.lang.Object java.lang.invoke.DirectMethodHandle$Holder.newInvokeSpecial(java.lang.Object, java.lang.Object, java.lang.Object, java.lang.Object, java.lang.Object, java.lang.Object, java.lang.Object)'> (0x00000000cb439290) 
thrown [s\src\hotspot\share\interpreter\linkResolver.cpp, line 773]
Event: 10.107 Thread 0x00000211198438f0 Exception <a 'java/lang/NoSuchMethodError'{0x00000000cc71d4f8}: 'int java.lang.invoke.DirectMethodHandle$Holder.invokeVirtual(java.lang.Object, java.lang.Object)'> (0x00000000cc71d4f8) 
thrown [s\src\hotspot\share\interpreter\linkResolver.cpp, line 773]
Event: 10.179 Thread 0x00000211198438f0 Exception <a 'java/lang/NoSuchMethodError'{0x00000000cc639ca0}: 'void java.lang.invoke.Invokers$Holder.invokeExact_MT(java.lang.Object, java.lang.Object, int, java.lang.Object)'> (0x00000000cc639ca0) 
thrown [s\src\hotspot\share\interpreter\linkResolver.cpp, line 773]

ZGC Phase Switch (0 events):
No events

VM Operations (20 events):
Event: 6.849 Executing VM operation: G1CollectForAllocation (G1 Evacuation Pause)
Event: 6.868 Executing VM operation: G1CollectForAllocation (G1 Evacuation Pause) done
Event: 7.255 Executing VM operation: ICBufferFull
Event: 7.255 Executing VM operation: ICBufferFull done
Event: 8.263 Executing VM operation: Cleanup
Event: 8.263 Executing VM operation: Cleanup done
Event: 8.629 Executing VM operation: G1CollectForAllocation (G1 Evacuation Pause)
Event: 8.653 Executing VM operation: G1CollectForAllocation (G1 Evacuation Pause) done
Event: 9.660 Executing VM operation: Cleanup
Event: 9.660 Executing VM operation: Cleanup done
Event: 9.870 Executing VM operation: G1CollectForAllocation (G1 Evacuation Pause)
Event: 9.879 Executing VM operation: G1CollectForAllocation (G1 Evacuation Pause) done
Event: 10.254 Executing VM operation: G1TryInitiateConcMark (G1 Humongous Allocation)
Event: 10.260 Executing VM operation: G1TryInitiateConcMark (G1 Humongous Allocation) done
Event: 10.268 Executing VM operation: G1TryInitiateConcMark (G1 Humongous Allocation)
Event: 10.274 Executing VM operation: G1TryInitiateConcMark (G1 Humongous Allocation) done
Event: 10.315 Executing VM operation: G1PauseRemark
Event: 10.327 Executing VM operation: G1PauseRemark done
Event: 10.342 Executing VM operation: G1PauseCleanup
Event: 10.342 Executing VM operation: G1PauseCleanup done

Events (14 events):
Event: 0.122 Thread 0x00000211198438f0 Thread added: 0x00000211198438f0
Event: 0.187 Thread 0x00000211363d1ff0 Thread added: 0x00000211363d1ff0
Event: 0.187 Thread 0x00000211363d3be0 Thread added: 0x00000211363d3be0
Event: 0.188 Thread 0x00000211363d7bd0 Thread added: 0x00000211363d7bd0
Event: 0.188 Thread 0x00000211363d8830 Thread added: 0x00000211363d8830
Event: 0.188 Thread 0x00000211363dbda0 Thread added: 0x00000211363dbda0
Event: 0.188 Thread 0x00000211363e04a0 Thread added: 0x00000211363e04a0
Event: 0.188 Thread 0x00000211363e4ba0 Thread added: 0x00000211363e4ba0
Event: 0.188 Thread 0x00000211363ea200 Thread added: 0x00000211363ea200
Event: 0.212 Thread 0x0000021136663d10 Thread added: 0x0000021136663d10
Event: 0.217 Thread 0x0000021136663680 Thread added: 0x0000021136663680
Event: 0.500 Thread 0x0000021136664a30 Thread added: 0x0000021136664a30
Event: 1.641 Thread 0x0000021136664a30 Thread exited: 0x0000021136664a30
Event: 5.408 Thread 0x0000021136664a30 Thread added: 0x0000021136664a30


Dynamic libraries:
0x00007ff682ba0000 - 0x00007ff682bae000 	C:\Program Files\Eclipse Adoptium\jdk-21.0.2.13-hotspot\bin\java.exe
0x00007ffd378d0000 - 0x00007ffd37ac8000 	C:\WINDOWS\SYSTEM32\ntdll.dll
0x00007ffd377c0000 - 0x00007ffd37882000 	C:\WINDOWS\System32\KERNEL32.DLL
0x00007ffd35550000 - 0x00007ffd35846000 	C:\WINDOWS\System32\KERNELBASE.dll
0x00007ffd34f60000 - 0x00007ffd35060000 	C:\WINDOWS\System32\ucrtbase.dll
0x00007ffd20510000 - 0x00007ffd20528000 	C:\Program Files\Eclipse Adoptium\jdk-21.0.2.13-hotspot\bin\jli.dll
0x00007ffd204f0000 - 0x00007ffd2050b000 	C:\Program Files\Eclipse Adoptium\jdk-21.0.2.13-hotspot\bin\VCRUNTIME140.dll
0x00007ffd36eb0000 - 0x00007ffd3704d000 	C:\WINDOWS\System32\USER32.dll
0x00007ffd1f450000 - 0x00007ffd1f6ea000 	C:\WINDOWS\WinSxS\amd64_microsoft.windows.common-controls_6595b64144ccf1df_6.0.19041.5915_none_60b4b9d171f9c7c7\COMCTL32.dll
0x00007ffd35180000 - 0x00007ffd351a2000 	C:\WINDOWS\System32\win32u.dll
0x00007ffd35df0000 - 0x00007ffd35e1b000 	C:\WINDOWS\System32\GDI32.dll
0x00007ffd35060000 - 0x00007ffd35179000 	C:\WINDOWS\System32\gdi32full.dll
0x00007ffd35f50000 - 0x00007ffd35fee000 	C:\WINDOWS\System32\msvcrt.dll
0x00007ffd35850000 - 0x00007ffd358ed000 	C:\WINDOWS\System32\msvcp_win.dll
0x00007ffd36350000 - 0x00007ffd3637f000 	C:\WINDOWS\System32\IMM32.DLL
0x00007ffd2e510000 - 0x00007ffd2e51c000 	C:\Program Files\Eclipse Adoptium\jdk-21.0.2.13-hotspot\bin\vcruntime140_1.dll
0x00007ffcf6ae0000 - 0x00007ffcf6b6e000 	C:\Program Files\Eclipse Adoptium\jdk-21.0.2.13-hotspot\bin\msvcp140.dll
0x00007ffcb2dc0000 - 0x00007ffcb3b43000 	C:\Program Files\Eclipse Adoptium\jdk-21.0.2.13-hotspot\bin\server\jvm.dll
0x00007ffd36cb0000 - 0x00007ffd36d61000 	C:\WINDOWS\System32\ADVAPI32.dll
0x00007ffd35b30000 - 0x00007ffd35bcf000 	C:\WINDOWS\System32\sechost.dll
0x00007ffd358f0000 - 0x00007ffd35a13000 	C:\WINDOWS\System32\RPCRT4.dll
0x00007ffd35230000 - 0x00007ffd35257000 	C:\WINDOWS\System32\bcrypt.dll
0x00007ffd36410000 - 0x00007ffd3647b000 	C:\WINDOWS\System32\WS2_32.dll
0x00007ffd34dc0000 - 0x00007ffd34e0b000 	C:\WINDOWS\SYSTEM32\POWRPROF.dll
0x00007ffd2ab20000 - 0x00007ffd2ab47000 	C:\WINDOWS\SYSTEM32\WINMM.dll
0x00007ffd2ca00000 - 0x00007ffd2ca0a000 	C:\WINDOWS\SYSTEM32\VERSION.dll
0x00007ffd34da0000 - 0x00007ffd34db2000 	C:\WINDOWS\SYSTEM32\UMPDC.dll
0x00007ffd33780000 - 0x00007ffd33792000 	C:\WINDOWS\SYSTEM32\kernel.appcore.dll
0x00007ffd2d6f0000 - 0x00007ffd2d6fa000 	C:\Program Files\Eclipse Adoptium\jdk-21.0.2.13-hotspot\bin\jimage.dll
0x00007ffd33540000 - 0x00007ffd33741000 	C:\WINDOWS\SYSTEM32\DBGHELP.DLL
0x00007ffd20860000 - 0x00007ffd20894000 	C:\WINDOWS\SYSTEM32\dbgcore.DLL
0x00007ffd354c0000 - 0x00007ffd35542000 	C:\WINDOWS\System32\bcryptPrimitives.dll
0x00007ffd204d0000 - 0x00007ffd204ef000 	C:\Program Files\Eclipse Adoptium\jdk-21.0.2.13-hotspot\bin\java.dll
0x00007ffd37050000 - 0x00007ffd377be000 	C:\WINDOWS\System32\SHELL32.dll
0x00007ffd32cd0000 - 0x00007ffd33474000 	C:\WINDOWS\SYSTEM32\windows.storage.dll
0x00007ffd35ff0000 - 0x00007ffd36343000 	C:\WINDOWS\System32\combase.dll
0x00007ffd348c0000 - 0x00007ffd348eb000 	C:\WINDOWS\SYSTEM32\Wldp.dll
0x00007ffd35e20000 - 0x00007ffd35eed000 	C:\WINDOWS\System32\OLEAUT32.dll
0x00007ffd36480000 - 0x00007ffd3652d000 	C:\WINDOWS\System32\SHCORE.dll
0x00007ffd35cb0000 - 0x00007ffd35d0b000 	C:\WINDOWS\System32\shlwapi.dll
0x00007ffd34e90000 - 0x00007ffd34eb4000 	C:\WINDOWS\SYSTEM32\profapi.dll
0x00007ffcf5bd0000 - 0x00007ffcf5ca7000 	C:\Program Files\Eclipse Adoptium\jdk-21.0.2.13-hotspot\bin\jsvml.dll
0x00007ffd2d4c0000 - 0x00007ffd2d4d0000 	C:\Program Files\Eclipse Adoptium\jdk-21.0.2.13-hotspot\bin\net.dll
0x00007ffd2b530000 - 0x00007ffd2b63a000 	C:\WINDOWS\SYSTEM32\WINHTTP.dll
0x00007ffd34620000 - 0x00007ffd3468a000 	C:\WINDOWS\system32\mswsock.dll
0x00007ffd204b0000 - 0x00007ffd204c6000 	C:\Program Files\Eclipse Adoptium\jdk-21.0.2.13-hotspot\bin\nio.dll
0x00007ffd20490000 - 0x00007ffd204a8000 	C:\Program Files\Eclipse Adoptium\jdk-21.0.2.13-hotspot\bin\zip.dll
0x00007ffd1e2e0000 - 0x00007ffd1e304000 	C:\Users\HP\Downloads\apache-maven-3.9.9-bin\apache-maven-3.9.9\lib\jansi-native\Windows\x86_64\jansi.dll
0x00007ffd25700000 - 0x00007ffd25710000 	C:\Program Files\Eclipse Adoptium\jdk-21.0.2.13-hotspot\bin\verify.dll

dbghelp: loaded successfully - version: 4.0.5 - missing functions: none
symbol engine: initialized successfully - sym options: 0x614 - pdb path: .;C:\Program Files\Eclipse Adoptium\jdk-21.0.2.13-hotspot\bin;C:\WINDOWS\SYSTEM32;C:\WINDOWS\WinSxS\amd64_microsoft.windows.common-controls_6595b64144ccf1df_6.0.19041.5915_none_60b4b9d171f9c7c7;C:\Program Files\Eclipse Adoptium\jdk-21.0.2.13-hotspot\bin\server;C:\Users\HP\Downloads\apache-maven-3.9.9-bin\apache-maven-3.9.9\lib\jansi-native\Windows\x86_64

VM Arguments:
jvm_args: -Dclassworlds.conf=C:\Users\HP\Downloads\apache-maven-3.9.9-bin\apache-maven-3.9.9\bin\m2.conf -Dmaven.home=C:\Users\HP\Downloads\apache-maven-3.9.9-bin\apache-maven-3.9.9 -Dlibrary.jansi.path=C:\Users\HP\Downloads\apache-maven-3.9.9-bin\apache-maven-3.9.9\lib\jansi-native -Dmaven.multiModuleProjectDirectory=F:\financemanager\financemanager 
java_command: org.codehaus.plexus.classworlds.launcher.Launcher spring-boot:run
java_class_path (initial): C:\Users\HP\Downloads\apache-maven-3.9.9-bin\apache-maven-3.9.9\boot\plexus-classworlds-2.8.0.jar
Launcher Type: SUN_STANDARD

[Global flags]
     intx CICompilerCount                          = 3                                         {product} {ergonomic}
     uint ConcGCThreads                            = 1                                         {product} {ergonomic}
     uint G1ConcRefinementThreads                  = 4                                         {product} {ergonomic}
   size_t G1HeapRegionSize                         = 1048576                                   {product} {ergonomic}
    uintx GCDrainStackTargetSize                   = 64                                        {product} {ergonomic}
   size_t InitialHeapSize                          = 58720256                                  {product} {ergonomic}
   size_t MarkStackSize                            = 4194304                                   {product} {ergonomic}
   size_t MaxHeapSize                              = 916455424                                 {product} {ergonomic}
   size_t MaxNewSize                               = 549453824                                 {product} {ergonomic}
   size_t MinHeapDeltaBytes                        = 1048576                                   {product} {ergonomic}
   size_t MinHeapSize                              = 8388608                                   {product} {ergonomic}
    uintx NonNMethodCodeHeapSize                   = 5832780                                {pd product} {ergonomic}
    uintx NonProfiledCodeHeapSize                  = 122912730                              {pd product} {ergonomic}
    uintx ProfiledCodeHeapSize                     = 122912730                              {pd product} {ergonomic}
    uintx ReservedCodeCacheSize                    = 251658240                              {pd product} {ergonomic}
     bool SegmentedCodeCache                       = true                                      {product} {ergonomic}
   size_t SoftMaxHeapSize                          = 916455424                              {manageable} {ergonomic}
     bool UseCompressedOops                        = true                           {product lp64_product} {ergonomic}
     bool UseG1GC                                  = true                                      {product} {ergonomic}
     bool UseLargePagesIndividualAllocation        = false                                  {pd product} {ergonomic}

Logging:
Log output configuration:
 #0: stdout all=warning uptime,level,tags foldmultilines=false
 #1: stderr all=off uptime,level,tags foldmultilines=false

Environment Variables:
PATH=C:\Python313\Scripts\;C:\Python313\;C:\Program Files\Eclipse Adoptium\jdk-21.0.2.13-hotspot\bin;C:\Program Files\Common Files\Oracle\Java\javapath;C:\WINDOWS\system32;C:\WINDOWS;C:\WINDOWS\System32\Wbem;C:\WINDOWS\System32\WindowsPowerShell\v1.0\;C:\WINDOWS\System32\OpenSSH\;C:\Program Files\Git\cmd;C:\Program Files\nodejs\;C:\ProgramData\chocolatey\bin;C:\Users\HP\Downloads\apache-maven-3.9.9-bin\bin;C:\Users\HP\Downloads\apache-maven-3.9.9-bin\apache-maven-3.9.9\bin;C:\Program Files\MySQL\MySQL Shell 8.0\bin\;C:\Users\HP\AppData\Local\Microsoft\WindowsApps;C:\Users\HP\AppData\Local\Programs\Microsoft VS Code\bin;C:\Users\HP\AppData\Local\GitHubDesktop\bin;C:\Program Files\JetBrains\IntelliJ IDEA Community Edition 2023.2.2\bin;;C:\Users\HP\AppData\Local\Microsoft\WinGet\Packages\Schniz.fnm_Microsoft.Winget.Source_8wekyb3d8bbwe;C:\Users\HP\AppData\Roaming\npm
USERNAME=HP
LANG=en_US.UTF-8
OS=Windows_NT
PROCESSOR_IDENTIFIER=AMD64 Family 23 Model 17 Stepping 0, AuthenticAMD
TMP=C:\Users\HP\AppData\Local\Temp
TEMP=C:\Users\HP\AppData\Local\Temp




Periodic native trim disabled

---------------  S Y S T E M  ---------------

OS:
 Windows 10 , 64 bit Build 19041 (10.0.19041.5915)
OS uptime: 11 days 2:46 hours

CPU: total 4 (initial active 4) (4 cores per cpu, 2 threads per core) family 23 model 17 stepping 0 microcode 0x0, cx8, cmov, fxsr, ht, mmx, 3dnowpref, sse, sse2, sse3, ssse3, sse4a, sse4.1, sse4.2, popcnt, lzcnt, tsc, tscinvbit, avx, avx2, aes, clmul, bmi1, bmi2, adx, sha, fma, vzeroupper, clflush, clflushopt, rdtscp, f16c
Processor Information for all 4 processors :
  Max Mhz: 2500, Current Mhz: 2500, Mhz Limit: 2500

Memory: 4k page, system-wide physical 3491M (187M free)
TotalPageFile size 14243M (AvailPageFile size 2M)
current process WorkingSet (physical memory assigned to process): 145M, peak: 146M
current process commit charge ("private bytes"): 198M, peak: 198M

vm_info: OpenJDK 64-Bit Server VM (21.0.2+13-LTS) for windows-amd64 JRE (21.0.2+13-LTS), built on 2024-01-16T00:00:00Z by "admin" with unknown MS VC++:1937

END.
